<?xml version="1.0" encoding="UTF-8"?>
<coverage generated="1772868429053" clover="3.2.0">
  <project timestamp="1772868429053" name="All files">
    <metrics statements="150" coveredstatements="140" conditionals="94" coveredconditionals="80" methods="54" coveredmethods="47" elements="298" coveredelements="267" complexity="0" loc="150" ncloc="150" packages="22" files="44" classes="44"/>
    <package name="api">
      <metrics statements="8" coveredstatements="8" conditionals="4" coveredconditionals="2" methods="2" coveredmethods="2"/>
      <file name="axiosInstance.ts" path="/Users/alexandruchirita/Projects/burger-restaurants-web/src/api/axiosInstance.ts">
        <metrics statements="5" coveredstatements="5" conditionals="4" coveredconditionals="2" methods="2" coveredmethods="2"/>
        <line num="5" count="4" type="stmt"/>
        <line num="12" count="4" type="stmt"/>
        <line num="13" count="21" type="stmt"/>
        <line num="15" count="3" type="stmt"/>
        <line num="20" count="3" type="stmt"/>
      </file>
      <file name="constants.ts" path="/Users/alexandruchirita/Projects/burger-restaurants-web/src/api/constants.ts">
        <metrics statements="3" coveredstatements="3" conditionals="0" coveredconditionals="0" methods="0" coveredmethods="0"/>
        <line num="1" count="14" type="stmt"/>
        <line num="2" count="14" type="stmt"/>
        <line num="3" count="14" type="stmt"/>
      </file>
    </package>
    <package name="api.endpoints">
      <metrics statements="12" coveredstatements="10" conditionals="0" coveredconditionals="0" methods="4" coveredmethods="3"/>
      <file name="restaurants.ts" path="/Users/alexandruchirita/Projects/burger-restaurants-web/src/api/endpoints/restaurants.ts">
        <metrics statements="6" coveredstatements="6" conditionals="0" coveredconditionals="0" methods="2" coveredmethods="2"/>
        <line num="8" count="3" type="stmt"/>
        <line num="9" count="10" type="stmt"/>
        <line num="10" count="9" type="stmt"/>
        <line num="13" count="3" type="stmt"/>
        <line num="16" count="8" type="stmt"/>
        <line num="17" count="6" type="stmt"/>
      </file>
      <file name="reviews.ts" path="/Users/alexandruchirita/Projects/burger-restaurants-web/src/api/endpoints/reviews.ts">
        <metrics statements="6" coveredstatements="4" conditionals="0" coveredconditionals="0" methods="2" coveredmethods="1"/>
        <line num="5" count="2" type="stmt"/>
        <line num="6" count="7" type="stmt"/>
        <line num="7" count="6" type="stmt"/>
        <line num="10" count="2" type="stmt"/>
        <line num="14" count="0" type="stmt"/>
        <line num="15" count="0" type="stmt"/>
      </file>
    </package>
    <package name="api.hooks">
      <metrics statements="10" coveredstatements="10" conditionals="3" coveredconditionals="3" methods="7" coveredmethods="7"/>
      <file name="useNearbyRestaurants.tsx" path="/Users/alexandruchirita/Projects/burger-restaurants-web/src/api/hooks/useNearbyRestaurants.tsx">
        <metrics statements="3" coveredstatements="3" conditionals="3" coveredconditionals="3" methods="2" coveredmethods="2"/>
        <line num="5" count="2" type="stmt"/>
        <line num="8" count="12" type="stmt"/>
        <line num="10" count="8" type="stmt"/>
      </file>
      <file name="useRestaurant.tsx" path="/Users/alexandruchirita/Projects/burger-restaurants-web/src/api/hooks/useRestaurant.tsx">
        <metrics statements="3" coveredstatements="3" conditionals="0" coveredconditionals="0" methods="2" coveredmethods="2"/>
        <line num="6" count="2" type="stmt"/>
        <line num="7" count="18" type="stmt"/>
        <line num="9" count="10" type="stmt"/>
      </file>
      <file name="useRestaurantReviews.tsx" path="/Users/alexandruchirita/Projects/burger-restaurants-web/src/api/hooks/useRestaurantReviews.tsx">
        <metrics statements="4" coveredstatements="4" conditionals="0" coveredconditionals="0" methods="3" coveredmethods="3"/>
        <line num="5" count="2" type="stmt"/>
        <line num="8" count="11" type="stmt"/>
        <line num="10" count="7" type="stmt"/>
        <line num="16" count="9" type="stmt"/>
      </file>
    </package>
    <package name="assets.icons">
      <metrics statements="0" coveredstatements="0" conditionals="0" coveredconditionals="0" methods="0" coveredmethods="0"/>
      <file name="empty-files.svg" path="/Users/alexandruchirita/Projects/burger-restaurants-web/src/assets/icons/empty-files.svg">
        <metrics statements="0" coveredstatements="0" conditionals="0" coveredconditionals="0" methods="0" coveredmethods="0"/>
      </file>
      <file name="error.svg" path="/Users/alexandruchirita/Projects/burger-restaurants-web/src/assets/icons/error.svg">
        <metrics statements="0" coveredstatements="0" conditionals="0" coveredconditionals="0" methods="0" coveredmethods="0"/>
      </file>
      <file name="not-found.svg" path="/Users/alexandruchirita/Projects/burger-restaurants-web/src/assets/icons/not-found.svg">
        <metrics statements="0" coveredstatements="0" conditionals="0" coveredconditionals="0" methods="0" coveredmethods="0"/>
      </file>
      <file name="unauthorized.svg" path="/Users/alexandruchirita/Projects/burger-restaurants-web/src/assets/icons/unauthorized.svg">
        <metrics statements="0" coveredstatements="0" conditionals="0" coveredconditionals="0" methods="0" coveredmethods="0"/>
      </file>
    </package>
    <package name="features.nearbyRestaurants">
      <metrics statements="11" coveredstatements="10" conditionals="8" coveredconditionals="8" methods="5" coveredmethods="4"/>
      <file name="NearbyRestaurants.tsx" path="/Users/alexandruchirita/Projects/burger-restaurants-web/src/features/nearbyRestaurants/NearbyRestaurants.tsx">
        <metrics statements="11" coveredstatements="10" conditionals="8" coveredconditionals="8" methods="5" coveredmethods="4"/>
        <line num="7" count="2" type="stmt"/>
        <line num="12" count="12" type="stmt"/>
        <line num="18" count="12" type="cond" truecount="2" falsecount="0"/>
        <line num="20" count="12" type="stmt"/>
        <line num="21" count="14" type="stmt"/>
        <line num="34" count="12" type="cond" truecount="2" falsecount="0"/>
        <line num="35" count="1" type="stmt"/>
        <line num="45" count="11" type="cond" truecount="4" falsecount="0"/>
        <line num="46" count="1" type="stmt"/>
        <line num="56" count="10" type="stmt"/>
        <line num="64" count="0" type="stmt"/>
      </file>
    </package>
    <package name="features.nearbyRestaurants.grid">
      <metrics statements="8" coveredstatements="8" conditionals="4" coveredconditionals="4" methods="5" coveredmethods="5"/>
      <file name="Card.tsx" path="/Users/alexandruchirita/Projects/burger-restaurants-web/src/features/nearbyRestaurants/grid/Card.tsx">
        <metrics statements="2" coveredstatements="2" conditionals="0" coveredconditionals="0" methods="1" coveredmethods="1"/>
        <line num="10" count="4" type="stmt"/>
        <line num="11" count="26" type="stmt"/>
      </file>
      <file name="CardSkeleton.tsx" path="/Users/alexandruchirita/Projects/burger-restaurants-web/src/features/nearbyRestaurants/grid/CardSkeleton.tsx">
        <metrics statements="2" coveredstatements="2" conditionals="0" coveredconditionals="0" methods="1" coveredmethods="1"/>
        <line num="3" count="3" type="stmt"/>
        <line num="4" count="69" type="stmt"/>
      </file>
      <file name="Grid.tsx" path="/Users/alexandruchirita/Projects/burger-restaurants-web/src/features/nearbyRestaurants/grid/Grid.tsx">
        <metrics statements="4" coveredstatements="4" conditionals="4" coveredconditionals="4" methods="3" coveredmethods="3"/>
        <line num="12" count="3" type="cond" truecount="2" falsecount="0"/>
        <line num="13" count="17" type="stmt"/>
        <line num="16" count="69" type="stmt"/>
        <line num="17" count="20" type="stmt"/>
      </file>
      <file name="styles.scss" path="/Users/alexandruchirita/Projects/burger-restaurants-web/src/features/nearbyRestaurants/grid/styles.scss">
        <metrics statements="0" coveredstatements="0" conditionals="0" coveredconditionals="0" methods="0" coveredmethods="0"/>
      </file>
    </package>
    <package name="features.restaurantDetails">
      <metrics statements="8" coveredstatements="8" conditionals="6" coveredconditionals="6" methods="1" coveredmethods="1"/>
      <file name="RestaurantDetails.scss" path="/Users/alexandruchirita/Projects/burger-restaurants-web/src/features/restaurantDetails/RestaurantDetails.scss">
        <metrics statements="0" coveredstatements="0" conditionals="0" coveredconditionals="0" methods="0" coveredmethods="0"/>
      </file>
      <file name="RestaurantDetails.tsx" path="/Users/alexandruchirita/Projects/burger-restaurants-web/src/features/restaurantDetails/RestaurantDetails.tsx">
        <metrics statements="8" coveredstatements="8" conditionals="6" coveredconditionals="6" methods="1" coveredmethods="1"/>
        <line num="10" count="2" type="stmt"/>
        <line num="11" count="18" type="stmt"/>
        <line num="13" count="18" type="cond" truecount="2" falsecount="0"/>
        <line num="19" count="8" type="cond" truecount="2" falsecount="0"/>
        <line num="20" count="1" type="stmt"/>
        <line num="30" count="7" type="cond" truecount="2" falsecount="0"/>
        <line num="31" count="1" type="stmt"/>
        <line num="41" count="6" type="stmt"/>
      </file>
    </package>
    <package name="features.restaurantReviews">
      <metrics statements="17" coveredstatements="15" conditionals="25" coveredconditionals="19" methods="8" coveredmethods="6"/>
      <file name="RestaurantReviews.tsx" path="/Users/alexandruchirita/Projects/burger-restaurants-web/src/features/restaurantReviews/RestaurantReviews.tsx">
        <metrics statements="15" coveredstatements="13" conditionals="25" coveredconditionals="19" methods="7" coveredmethods="5"/>
        <line num="12" count="2" type="stmt"/>
        <line num="13" count="11" type="stmt"/>
        <line num="16" count="11" type="stmt"/>
        <line num="17" count="10" type="cond" truecount="2" falsecount="0"/>
        <line num="21" count="11" type="stmt"/>
        <line num="22" count="0" type="cond" truecount="0" falsecount="4"/>
        <line num="25" count="11" type="stmt"/>
        <line num="27" count="11" type="cond" truecount="2" falsecount="0"/>
        <line num="28" count="1" type="stmt"/>
        <line num="38" count="10" type="cond" truecount="4" falsecount="0"/>
        <line num="39" count="1" type="stmt"/>
        <line num="49" count="9" type="stmt"/>
        <line num="70" count="21" type="stmt"/>
        <line num="77" count="6" type="stmt"/>
        <line num="83" count="0" type="stmt"/>
      </file>
      <file name="ReviewCard.tsx" path="/Users/alexandruchirita/Projects/burger-restaurants-web/src/features/restaurantReviews/ReviewCard.tsx">
        <metrics statements="2" coveredstatements="2" conditionals="0" coveredconditionals="0" methods="1" coveredmethods="1"/>
        <line num="10" count="3" type="stmt"/>
        <line num="11" count="11" type="stmt"/>
      </file>
      <file name="styles.scss" path="/Users/alexandruchirita/Projects/burger-restaurants-web/src/features/restaurantReviews/styles.scss">
        <metrics statements="0" coveredstatements="0" conditionals="0" coveredconditionals="0" methods="0" coveredmethods="0"/>
      </file>
    </package>
    <package name="hooks">
      <metrics statements="11" coveredstatements="11" conditionals="5" coveredconditionals="5" methods="4" coveredmethods="4"/>
      <file name="useOnVisible.ts" path="/Users/alexandruchirita/Projects/burger-restaurants-web/src/hooks/useOnVisible.ts">
        <metrics statements="11" coveredstatements="11" conditionals="5" coveredconditionals="5" methods="4" coveredmethods="4"/>
        <line num="7" count="7" type="stmt"/>
        <line num="8" count="7" type="stmt"/>
        <line num="10" count="7" type="stmt"/>
        <line num="11" count="7" type="cond" truecount="2" falsecount="0"/>
        <line num="13" count="5" type="stmt"/>
        <line num="15" count="3" type="cond" truecount="2" falsecount="0"/>
        <line num="16" count="2" type="stmt"/>
        <line num="17" count="2" type="stmt"/>
        <line num="23" count="5" type="stmt"/>
        <line num="25" count="5" type="stmt"/>
        <line num="28" count="7" type="stmt"/>
      </file>
    </package>
    <package name="layout">
      <metrics statements="2" coveredstatements="2" conditionals="0" coveredconditionals="0" methods="1" coveredmethods="1"/>
      <file name="Layout.scss" path="/Users/alexandruchirita/Projects/burger-restaurants-web/src/layout/Layout.scss">
        <metrics statements="0" coveredstatements="0" conditionals="0" coveredconditionals="0" methods="0" coveredmethods="0"/>
      </file>
      <file name="Layout.tsx" path="/Users/alexandruchirita/Projects/burger-restaurants-web/src/layout/Layout.tsx">
        <metrics statements="2" coveredstatements="2" conditionals="0" coveredconditionals="0" methods="1" coveredmethods="1"/>
        <line num="6" count="1" type="stmt"/>
        <line num="7" count="5" type="stmt"/>
      </file>
    </package>
    <package name="mocks.data">
      <metrics statements="3" coveredstatements="3" conditionals="0" coveredconditionals="0" methods="0" coveredmethods="0"/>
      <file name="restaurants.mock.ts" path="/Users/alexandruchirita/Projects/burger-restaurants-web/src/mocks/data/restaurants.mock.ts">
        <metrics statements="2" coveredstatements="2" conditionals="0" coveredconditionals="0" methods="0" coveredmethods="0"/>
        <line num="3" count="14" type="stmt"/>
        <line num="17" count="14" type="stmt"/>
      </file>
      <file name="reviews.mock.ts" path="/Users/alexandruchirita/Projects/burger-restaurants-web/src/mocks/data/reviews.mock.ts">
        <metrics statements="1" coveredstatements="1" conditionals="0" coveredconditionals="0" methods="0" coveredmethods="0"/>
        <line num="3" count="14" type="stmt"/>
      </file>
    </package>
    <package name="mocks.handlers">
      <metrics statements="29" coveredstatements="24" conditionals="12" coveredconditionals="9" methods="6" coveredmethods="3"/>
      <file name="restaurant.handler.ts" path="/Users/alexandruchirita/Projects/burger-restaurants-web/src/mocks/handlers/restaurant.handler.ts">
        <metrics statements="14" coveredstatements="13" conditionals="6" coveredconditionals="5" methods="3" coveredmethods="2"/>
        <line num="7" count="14" type="stmt"/>
        <line num="9" count="14" type="stmt"/>
        <line num="11" count="6" type="stmt"/>
        <line num="12" count="5" type="stmt"/>
        <line num="13" count="5" type="stmt"/>
        <line num="14" count="5" type="cond" truecount="2" falsecount="0"/>
        <line num="16" count="6" type="cond" truecount="1" falsecount="1"/>
        <line num="17" count="0" type="stmt"/>
        <line num="20" count="6" type="stmt"/>
        <line num="21" count="6" type="stmt"/>
        <line num="23" count="6" type="stmt"/>
        <line num="28" count="6" type="stmt"/>
        <line num="32" count="8" type="stmt"/>
        <line num="33" count="8" type="stmt"/>
      </file>
      <file name="review.handler.ts" path="/Users/alexandruchirita/Projects/burger-restaurants-web/src/mocks/handlers/review.handler.ts">
        <metrics statements="15" coveredstatements="11" conditionals="6" coveredconditionals="4" methods="3" coveredmethods="1"/>
        <line num="7" count="14" type="stmt"/>
        <line num="9" count="14" type="stmt"/>
        <line num="11" count="5" type="stmt"/>
        <line num="12" count="5" type="stmt"/>
        <line num="13" count="5" type="stmt"/>
        <line num="14" count="5" type="cond" truecount="2" falsecount="0"/>
        <line num="16" count="5" type="cond" truecount="1" falsecount="1"/>
        <line num="17" count="0" type="stmt"/>
        <line num="20" count="5" type="stmt"/>
        <line num="21" count="5" type="stmt"/>
        <line num="23" count="5" type="stmt"/>
        <line num="28" count="5" type="stmt"/>
        <line num="32" count="0" type="stmt"/>
        <line num="33" count="0" type="stmt"/>
        <line num="34" count="0" type="stmt"/>
      </file>
    </package>
    <package name="mocks.utils">
      <metrics statements="1" coveredstatements="1" conditionals="0" coveredconditionals="0" methods="1" coveredmethods="1"/>
      <file name="delay.ts" path="/Users/alexandruchirita/Projects/burger-restaurants-web/src/mocks/utils/delay.ts">
        <metrics statements="1" coveredstatements="1" conditionals="0" coveredconditionals="0" methods="1" coveredmethods="1"/>
        <line num="3" count="19" type="stmt"/>
      </file>
    </package>
    <package name="pages">
      <metrics statements="5" coveredstatements="5" conditionals="4" coveredconditionals="2" methods="2" coveredmethods="2"/>
      <file name="HomePage.tsx" path="/Users/alexandruchirita/Projects/burger-restaurants-web/src/pages/HomePage.tsx">
        <metrics statements="2" coveredstatements="2" conditionals="0" coveredconditionals="0" methods="1" coveredmethods="1"/>
        <line num="3" count="1" type="stmt"/>
        <line num="4" count="3" type="stmt"/>
      </file>
      <file name="RestaurantPage.tsx" path="/Users/alexandruchirita/Projects/burger-restaurants-web/src/pages/RestaurantPage.tsx">
        <metrics statements="3" coveredstatements="3" conditionals="4" coveredconditionals="2" methods="1" coveredmethods="1"/>
        <line num="4" count="1" type="stmt"/>
        <line num="5" count="2" type="stmt"/>
        <line num="7" count="2" type="stmt"/>
      </file>
    </package>
    <package name="routes">
      <metrics statements="1" coveredstatements="1" conditionals="0" coveredconditionals="0" methods="0" coveredmethods="0"/>
      <file name="index.tsx" path="/Users/alexandruchirita/Projects/burger-restaurants-web/src/routes/index.tsx">
        <metrics statements="1" coveredstatements="1" conditionals="0" coveredconditionals="0" methods="0" coveredmethods="0"/>
        <line num="7" count="1" type="stmt"/>
      </file>
    </package>
    <package name="shared.layout.footer">
      <metrics statements="2" coveredstatements="2" conditionals="0" coveredconditionals="0" methods="1" coveredmethods="1"/>
      <file name="Footer.scss" path="/Users/alexandruchirita/Projects/burger-restaurants-web/src/shared/layout/footer/Footer.scss">
        <metrics statements="0" coveredstatements="0" conditionals="0" coveredconditionals="0" methods="0" coveredmethods="0"/>
      </file>
      <file name="Footer.tsx" path="/Users/alexandruchirita/Projects/burger-restaurants-web/src/shared/layout/footer/Footer.tsx">
        <metrics statements="2" coveredstatements="2" conditionals="0" coveredconditionals="0" methods="1" coveredmethods="1"/>
        <line num="3" count="2" type="stmt"/>
        <line num="4" count="8" type="stmt"/>
      </file>
    </package>
    <package name="shared.layout.header">
      <metrics statements="2" coveredstatements="2" conditionals="0" coveredconditionals="0" methods="1" coveredmethods="1"/>
      <file name="Header.scss" path="/Users/alexandruchirita/Projects/burger-restaurants-web/src/shared/layout/header/Header.scss">
        <metrics statements="0" coveredstatements="0" conditionals="0" coveredconditionals="0" methods="0" coveredmethods="0"/>
      </file>
      <file name="Header.tsx" path="/Users/alexandruchirita/Projects/burger-restaurants-web/src/shared/layout/header/Header.tsx">
        <metrics statements="2" coveredstatements="2" conditionals="0" coveredconditionals="0" methods="1" coveredmethods="1"/>
        <line num="4" count="2" type="stmt"/>
        <line num="5" count="9" type="stmt"/>
      </file>
    </package>
    <package name="shared.mapWidget">
      <metrics statements="6" coveredstatements="6" conditionals="8" coveredconditionals="8" methods="2" coveredmethods="2"/>
      <file name="MapWidget.scss" path="/Users/alexandruchirita/Projects/burger-restaurants-web/src/shared/mapWidget/MapWidget.scss">
        <metrics statements="0" coveredstatements="0" conditionals="0" coveredconditionals="0" methods="0" coveredmethods="0"/>
      </file>
      <file name="MapWidget.tsx" path="/Users/alexandruchirita/Projects/burger-restaurants-web/src/shared/mapWidget/MapWidget.tsx">
        <metrics statements="6" coveredstatements="6" conditionals="8" coveredconditionals="8" methods="2" coveredmethods="2"/>
        <line num="6" count="1" type="stmt"/>
        <line num="30" count="1" type="stmt"/>
        <line num="31" count="1" type="stmt"/>
        <line num="33" count="1" type="stmt"/>
        <line num="40" count="6" type="stmt"/>
        <line num="53" count="7" type="stmt"/>
      </file>
    </package>
    <package name="shared.notice">
      <metrics statements="7" coveredstatements="7" conditionals="14" coveredconditionals="13" methods="1" coveredmethods="1"/>
      <file name="Notice.scss" path="/Users/alexandruchirita/Projects/burger-restaurants-web/src/shared/notice/Notice.scss">
        <metrics statements="0" coveredstatements="0" conditionals="0" coveredconditionals="0" methods="0" coveredmethods="0"/>
      </file>
      <file name="Notice.tsx" path="/Users/alexandruchirita/Projects/burger-restaurants-web/src/shared/notice/Notice.tsx">
        <metrics statements="7" coveredstatements="7" conditionals="14" coveredconditionals="13" methods="1" coveredmethods="1"/>
        <line num="23" count="5" type="stmt"/>
        <line num="30" count="5" type="stmt"/>
        <line num="38" count="5" type="cond" truecount="2" falsecount="0"/>
        <line num="39" count="22" type="stmt"/>
        <line num="41" count="22" type="cond" truecount="3" falsecount="1"/>
        <line num="44" count="22" type="stmt"/>
        <line num="46" count="22" type="stmt"/>
      </file>
    </package>
    <package name="shared.ratingDetails">
      <metrics statements="4" coveredstatements="4" conditionals="1" coveredconditionals="1" methods="2" coveredmethods="2"/>
      <file name="RatingDetails.scss" path="/Users/alexandruchirita/Projects/burger-restaurants-web/src/shared/ratingDetails/RatingDetails.scss">
        <metrics statements="0" coveredstatements="0" conditionals="0" coveredconditionals="0" methods="0" coveredmethods="0"/>
      </file>
      <file name="RatingDetails.tsx" path="/Users/alexandruchirita/Projects/burger-restaurants-web/src/shared/ratingDetails/RatingDetails.tsx">
        <metrics statements="4" coveredstatements="4" conditionals="1" coveredconditionals="1" methods="2" coveredmethods="2"/>
        <line num="9" count="8" type="stmt"/>
        <line num="16" count="8" type="cond" truecount="1" falsecount="0"/>
        <line num="17" count="48" type="stmt"/>
        <line num="19" count="192" type="stmt"/>
      </file>
    </package>
    <package name="test">
      <metrics statements="1" coveredstatements="1" conditionals="0" coveredconditionals="0" methods="0" coveredmethods="0"/>
      <file name="server.ts" path="/Users/alexandruchirita/Projects/burger-restaurants-web/src/test/server.ts">
        <metrics statements="1" coveredstatements="1" conditionals="0" coveredconditionals="0" methods="0" coveredmethods="0"/>
        <line num="5" count="14" type="stmt"/>
      </file>
    </package>
    <package name="utils">
      <metrics statements="2" coveredstatements="2" conditionals="0" coveredconditionals="0" methods="1" coveredmethods="1"/>
      <file name="prettyDate.ts" path="/Users/alexandruchirita/Projects/burger-restaurants-web/src/utils/prettyDate.ts">
        <metrics statements="2" coveredstatements="2" conditionals="0" coveredconditionals="0" methods="1" coveredmethods="1"/>
        <line num="1" count="4" type="stmt"/>
        <line num="2" count="16" type="stmt"/>
      </file>
    </package>
  </project>
</coverage>
