{"/Users/alexandruchirita/Projects/burger-restaurants-web/src/api/axiosInstance.ts": {"path":"/Users/alexandruchirita/Projects/burger-restaurants-web/src/api/axiosInstance.ts","statementMap":{"0":{"start":{"line":5,"column":22},"end":{"line":10,"column":null}},"1":{"start":{"line":12,"column":0},"end":{"line":22,"column":null}},"2":{"start":{"line":13,"column":16},"end":{"line":13,"column":null}},"3":{"start":{"line":15,"column":31},"end":{"line":19,"column":null}},"4":{"start":{"line":20,"column":4},"end":{"line":20,"column":null}}},"fnMap":{"0":{"name":"(anonymous_0)","decl":{"start":{"line":13,"column":2},"end":{"line":13,"column":3}},"loc":{"start":{"line":13,"column":16},"end":{"line":13,"column":null}},"line":13},"1":{"name":"(anonymous_1)","decl":{"start":{"line":14,"column":2},"end":{"line":14,"column":3}},"loc":{"start":{"line":14,"column":13},"end":{"line":21,"column":null}},"line":14}},"branchMap":{"0":{"loc":{"start":{"line":16,"column":15},"end":{"line":16,"column":null}},"type":"binary-expr","locations":[{"start":{"line":16,"column":15},"end":{"line":16,"column":48}},{"start":{"line":16,"column":48},"end":{"line":16,"column":null}}],"line":16},"1":{"loc":{"start":{"line":17,"column":14},"end":{"line":17,"column":null}},"type":"binary-expr","locations":[{"start":{"line":17,"column":14},"end":{"line":17,"column":40}},{"start":{"line":17,"column":40},"end":{"line":17,"column":null}}],"line":17}},"s":{"0":3,"1":3,"2":14,"3":3,"4":3},"f":{"0":14,"1":3},"b":{"0":[3,0],"1":[3,0]},"meta":{"lastBranch":2,"lastFunction":2,"lastStatement":5,"seen":{"s:5:22:10:Infinity":0,"s:12:0:22:Infinity":1,"f:13:2:13:3":0,"s:13:16:13:Infinity":2,"f:14:2:14:3":1,"s:15:31:19:Infinity":3,"b:16:15:16:48:16:48:16:Infinity":0,"b:17:14:17:40:17:40:17:Infinity":1,"s:20:4:20:Infinity":4}}}
,"/Users/alexandruchirita/Projects/burger-restaurants-web/src/api/constants.ts": {"path":"/Users/alexandruchirita/Projects/burger-restaurants-web/src/api/constants.ts","statementMap":{"0":{"start":{"line":1,"column":24},"end":{"line":1,"column":null}},"1":{"start":{"line":2,"column":26},"end":{"line":2,"column":null}},"2":{"start":{"line":3,"column":26},"end":{"line":3,"column":null}}},"fnMap":{},"branchMap":{},"s":{"0":13,"1":13,"2":13},"f":{},"b":{},"meta":{"lastBranch":0,"lastFunction":0,"lastStatement":3,"seen":{"s:1:24:1:Infinity":0,"s:2:26:2:Infinity":1,"s:3:26:3:Infinity":2}}}
,"/Users/alexandruchirita/Projects/burger-restaurants-web/src/api/endpoints/restaurants.ts": {"path":"/Users/alexandruchirita/Projects/burger-restaurants-web/src/api/endpoints/restaurants.ts","statementMap":{"0":{"start":{"line":8,"column":33},"end":{"line":11,"column":null}},"1":{"start":{"line":9,"column":19},"end":{"line":9,"column":null}},"2":{"start":{"line":10,"column":2},"end":{"line":10,"column":null}},"3":{"start":{"line":13,"column":36},"end":{"line":18,"column":null}},"4":{"start":{"line":16,"column":19},"end":{"line":16,"column":null}},"5":{"start":{"line":17,"column":2},"end":{"line":17,"column":null}}},"fnMap":{"0":{"name":"(anonymous_0)","decl":{"start":{"line":8,"column":33},"end":{"line":8,"column":40}},"loc":{"start":{"line":8,"column":76},"end":{"line":11,"column":null}},"line":8},"1":{"name":"(anonymous_1)","decl":{"start":{"line":13,"column":36},"end":{"line":13,"column":null}},"loc":{"start":{"line":15,"column":41},"end":{"line":18,"column":null}},"line":15}},"branchMap":{},"s":{"0":2,"1":8,"2":7,"3":2,"4":5,"5":3},"f":{"0":8,"1":5},"b":{},"meta":{"lastBranch":0,"lastFunction":2,"lastStatement":6,"seen":{"s:8:33:11:Infinity":0,"f:8:33:8:40":0,"s:9:19:9:Infinity":1,"s:10:2:10:Infinity":2,"s:13:36:18:Infinity":3,"f:13:36:13:Infinity":1,"s:16:19:16:Infinity":4,"s:17:2:17:Infinity":5}}}
,"/Users/alexandruchirita/Projects/burger-restaurants-web/src/api/endpoints/reviews.ts": {"path":"/Users/alexandruchirita/Projects/burger-restaurants-web/src/api/endpoints/reviews.ts","statementMap":{"0":{"start":{"line":5,"column":36},"end":{"line":8,"column":null}},"1":{"start":{"line":6,"column":19},"end":{"line":6,"column":null}},"2":{"start":{"line":7,"column":2},"end":{"line":7,"column":null}},"3":{"start":{"line":10,"column":38},"end":{"line":16,"column":null}},"4":{"start":{"line":14,"column":19},"end":{"line":14,"column":null}},"5":{"start":{"line":15,"column":2},"end":{"line":15,"column":null}}},"fnMap":{"0":{"name":"(anonymous_0)","decl":{"start":{"line":5,"column":36},"end":{"line":5,"column":43}},"loc":{"start":{"line":5,"column":95},"end":{"line":8,"column":null}},"line":5},"1":{"name":"(anonymous_1)","decl":{"start":{"line":10,"column":38},"end":{"line":10,"column":null}},"loc":{"start":{"line":13,"column":22},"end":{"line":16,"column":null}},"line":13}},"branchMap":{},"s":{"0":1,"1":5,"2":4,"3":1,"4":0,"5":0},"f":{"0":5,"1":0},"b":{},"meta":{"lastBranch":0,"lastFunction":2,"lastStatement":6,"seen":{"s:5:36:8:Infinity":0,"f:5:36:5:43":0,"s:6:19:6:Infinity":1,"s:7:2:7:Infinity":2,"s:10:38:16:Infinity":3,"f:10:38:10:Infinity":1,"s:14:19:14:Infinity":4,"s:15:2:15:Infinity":5}}}
,"/Users/alexandruchirita/Projects/burger-restaurants-web/src/api/hooks/useNearbyRestaurants.tsx": {"path":"/Users/alexandruchirita/Projects/burger-restaurants-web/src/api/hooks/useNearbyRestaurants.tsx","statementMap":{"0":{"start":{"line":5,"column":36},"end":{"line":13,"column":null}},"1":{"start":{"line":8,"column":2},"end":{"line":12,"column":null}},"2":{"start":{"line":10,"column":13},"end":{"line":10,"column":null}}},"fnMap":{"0":{"name":"(anonymous_0)","decl":{"start":{"line":5,"column":36},"end":{"line":5,"column":null}},"loc":{"start":{"line":7,"column":58},"end":{"line":13,"column":null}},"line":7},"1":{"name":"(anonymous_1)","decl":{"start":{"line":10,"column":13},"end":{"line":10,"column":19}},"loc":{"start":{"line":10,"column":13},"end":{"line":10,"column":null}},"line":10}},"branchMap":{"0":{"loc":{"start":{"line":11,"column":13},"end":{"line":11,"column":null}},"type":"binary-expr","locations":[{"start":{"line":11,"column":13},"end":{"line":11,"column":34}},{"start":{"line":11,"column":34},"end":{"line":11,"column":56}},{"start":{"line":11,"column":56},"end":{"line":11,"column":null}}],"line":11}},"s":{"0":1,"1":8,"2":5},"f":{"0":8,"1":5},"b":{"0":[8,8,8]},"meta":{"lastBranch":1,"lastFunction":2,"lastStatement":3,"seen":{"s:5:36:13:Infinity":0,"f:5:36:5:Infinity":0,"s:8:2:12:Infinity":1,"f:10:13:10:19":1,"s:10:13:10:Infinity":2,"b:11:13:11:34:11:34:11:56:11:56:11:Infinity":0}}}
,"/Users/alexandruchirita/Projects/burger-restaurants-web/src/api/hooks/useRestaurant.tsx": {"path":"/Users/alexandruchirita/Projects/burger-restaurants-web/src/api/hooks/useRestaurant.tsx","statementMap":{"0":{"start":{"line":6,"column":29},"end":{"line":12,"column":null}},"1":{"start":{"line":7,"column":2},"end":{"line":11,"column":null}},"2":{"start":{"line":9,"column":13},"end":{"line":9,"column":null}}},"fnMap":{"0":{"name":"(anonymous_0)","decl":{"start":{"line":6,"column":29},"end":{"line":6,"column":30}},"loc":{"start":{"line":6,"column":95},"end":{"line":12,"column":null}},"line":6},"1":{"name":"(anonymous_1)","decl":{"start":{"line":9,"column":13},"end":{"line":9,"column":19}},"loc":{"start":{"line":9,"column":13},"end":{"line":9,"column":null}},"line":9}},"branchMap":{},"s":{"0":1,"1":15,"2":8},"f":{"0":15,"1":8},"b":{},"meta":{"lastBranch":0,"lastFunction":2,"lastStatement":3,"seen":{"s:6:29:12:Infinity":0,"f:6:29:6:30":0,"s:7:2:11:Infinity":1,"f:9:13:9:19":1,"s:9:13:9:Infinity":2}}}
,"/Users/alexandruchirita/Projects/burger-restaurants-web/src/api/hooks/useRestaurantReviews.tsx": {"path":"/Users/alexandruchirita/Projects/burger-restaurants-web/src/api/hooks/useRestaurantReviews.tsx","statementMap":{"0":{"start":{"line":5,"column":36},"end":{"line":19,"column":null}},"1":{"start":{"line":8,"column":2},"end":{"line":18,"column":null}},"2":{"start":{"line":10,"column":26},"end":{"line":14,"column":null}},"3":{"start":{"line":16,"column":36},"end":{"line":16,"column":null}}},"fnMap":{"0":{"name":"(anonymous_0)","decl":{"start":{"line":5,"column":36},"end":{"line":5,"column":null}},"loc":{"start":{"line":7,"column":79},"end":{"line":19,"column":null}},"line":7},"1":{"name":"(anonymous_1)","decl":{"start":{"line":10,"column":13},"end":{"line":10,"column":14}},"loc":{"start":{"line":10,"column":26},"end":{"line":14,"column":null}},"line":10},"2":{"name":"(anonymous_2)","decl":{"start":{"line":16,"column":22},"end":{"line":16,"column":23}},"loc":{"start":{"line":16,"column":36},"end":{"line":16,"column":null}},"line":16}},"branchMap":{},"s":{"0":1,"1":8,"2":5,"3":6},"f":{"0":8,"1":5,"2":6},"b":{},"meta":{"lastBranch":0,"lastFunction":3,"lastStatement":4,"seen":{"s:5:36:19:Infinity":0,"f:5:36:5:Infinity":0,"s:8:2:18:Infinity":1,"f:10:13:10:14":1,"s:10:26:14:Infinity":2,"f:16:22:16:23":2,"s:16:36:16:Infinity":3}}}
,"/Users/alexandruchirita/Projects/burger-restaurants-web/src/assets/icons/empty-files.svg": {"path":"/Users/alexandruchirita/Projects/burger-restaurants-web/src/assets/icons/empty-files.svg","statementMap":{},"fnMap":{},"branchMap":{},"s":{},"f":{},"b":{},"meta":{"lastBranch":0,"lastFunction":0,"lastStatement":0,"seen":{}}}
,"/Users/alexandruchirita/Projects/burger-restaurants-web/src/assets/icons/error.svg": {"path":"/Users/alexandruchirita/Projects/burger-restaurants-web/src/assets/icons/error.svg","statementMap":{},"fnMap":{},"branchMap":{},"s":{},"f":{},"b":{},"meta":{"lastBranch":0,"lastFunction":0,"lastStatement":0,"seen":{}}}
,"/Users/alexandruchirita/Projects/burger-restaurants-web/src/assets/icons/not-found.svg": {"path":"/Users/alexandruchirita/Projects/burger-restaurants-web/src/assets/icons/not-found.svg","statementMap":{},"fnMap":{},"branchMap":{},"s":{},"f":{},"b":{},"meta":{"lastBranch":0,"lastFunction":0,"lastStatement":0,"seen":{}}}
,"/Users/alexandruchirita/Projects/burger-restaurants-web/src/assets/icons/unauthorized.svg": {"path":"/Users/alexandruchirita/Projects/burger-restaurants-web/src/assets/icons/unauthorized.svg","statementMap":{},"fnMap":{},"branchMap":{},"s":{},"f":{},"b":{},"meta":{"lastBranch":0,"lastFunction":0,"lastStatement":0,"seen":{}}}
,"/Users/alexandruchirita/Projects/burger-restaurants-web/src/features/nearbyRestaurants/NearbyRestaurants.tsx": {"path":"/Users/alexandruchirita/Projects/burger-restaurants-web/src/features/nearbyRestaurants/NearbyRestaurants.tsx","statementMap":{"0":{"start":{"line":7,"column":26},"end":{"line":81,"column":null}},"1":{"start":{"line":12,"column":2},"end":{"line":16,"column":null}},"2":{"start":{"line":18,"column":8},"end":{"line":18,"column":null}},"3":{"start":{"line":18,"column":36},"end":{"line":18,"column":71}},"4":{"start":{"line":20,"column":8},"end":{"line":32,"column":null}},"5":{"start":{"line":21,"column":4},"end":{"line":31,"column":null}},"6":{"start":{"line":21,"column":44},"end":{"line":31,"column":6}},"7":{"start":{"line":34,"column":2},"end":{"line":43,"column":null}},"8":{"start":{"line":35,"column":4},"end":{"line":41,"column":null}},"9":{"start":{"line":45,"column":2},"end":{"line":54,"column":null}},"10":{"start":{"line":46,"column":4},"end":{"line":52,"column":null}},"11":{"start":{"line":56,"column":2},"end":{"line":79,"column":null}},"12":{"start":{"line":64,"column":12},"end":{"line":74,"column":null}}},"fnMap":{"0":{"name":"(anonymous_0)","decl":{"start":{"line":7,"column":26},"end":{"line":7,"column":32}},"loc":{"start":{"line":7,"column":32},"end":{"line":81,"column":null}},"line":7},"1":{"name":"(anonymous_1)","decl":{"start":{"line":18,"column":30},"end":{"line":18,"column":36}},"loc":{"start":{"line":18,"column":36},"end":{"line":18,"column":71}},"line":18},"2":{"name":"(anonymous_2)","decl":{"start":{"line":20,"column":38},"end":{"line":20,"column":44}},"loc":{"start":{"line":20,"column":44},"end":{"line":32,"column":5}},"line":20},"3":{"name":"(anonymous_3)","decl":{"start":{"line":21,"column":27},"end":{"line":21,"column":28}},"loc":{"start":{"line":21,"column":44},"end":{"line":31,"column":6}},"line":21},"4":{"name":"(anonymous_4)","decl":{"start":{"line":63,"column":25},"end":{"line":63,"column":26}},"loc":{"start":{"line":64,"column":12},"end":{"line":74,"column":null}},"line":64}},"branchMap":{"0":{"loc":{"start":{"line":18,"column":36},"end":{"line":18,"column":71}},"type":"binary-expr","locations":[{"start":{"line":18,"column":36},"end":{"line":18,"column":67}},{"start":{"line":18,"column":67},"end":{"line":18,"column":71}}],"line":18},"1":{"loc":{"start":{"line":34,"column":2},"end":{"line":43,"column":null}},"type":"if","locations":[{"start":{"line":34,"column":2},"end":{"line":43,"column":null}},{"start":{},"end":{}}],"line":34},"2":{"loc":{"start":{"line":45,"column":2},"end":{"line":54,"column":null}},"type":"if","locations":[{"start":{"line":45,"column":2},"end":{"line":54,"column":null}},{"start":{},"end":{}}],"line":45},"3":{"loc":{"start":{"line":45,"column":6},"end":{"line":45,"column":46}},"type":"binary-expr","locations":[{"start":{"line":45,"column":6},"end":{"line":45,"column":20}},{"start":{"line":45,"column":20},"end":{"line":45,"column":46}}],"line":45}},"s":{"0":1,"1":8,"2":8,"3":7,"4":8,"5":7,"6":7,"7":8,"8":1,"9":7,"10":1,"11":6,"12":0},"f":{"0":8,"1":7,"2":7,"3":7,"4":0},"b":{"0":[7,5],"1":[1,7],"2":[1,6],"3":[7,2]},"meta":{"lastBranch":4,"lastFunction":5,"lastStatement":13,"seen":{"s:7:26:81:Infinity":0,"f:7:26:7:32":0,"s:12:2:16:Infinity":1,"s:18:8:18:Infinity":2,"f:18:30:18:36":1,"s:18:36:18:71":3,"b:18:36:18:67:18:67:18:71":0,"s:20:8:32:Infinity":4,"f:20:38:20:44":2,"s:21:4:31:Infinity":5,"f:21:27:21:28":3,"s:21:44:31:6":6,"b:34:2:43:Infinity:undefined:undefined:undefined:undefined":1,"s:34:2:43:Infinity":7,"s:35:4:41:Infinity":8,"b:45:2:54:Infinity:undefined:undefined:undefined:undefined":2,"s:45:2:54:Infinity":9,"b:45:6:45:20:45:20:45:46":3,"s:46:4:52:Infinity":10,"s:56:2:79:Infinity":11,"f:63:25:63:26":4,"s:64:12:74:Infinity":12}}}
,"/Users/alexandruchirita/Projects/burger-restaurants-web/src/features/nearbyRestaurants/grid/Card.tsx": {"path":"/Users/alexandruchirita/Projects/burger-restaurants-web/src/features/nearbyRestaurants/grid/Card.tsx","statementMap":{"0":{"start":{"line":10,"column":13},"end":{"line":30,"column":null}},"1":{"start":{"line":11,"column":2},"end":{"line":28,"column":null}}},"fnMap":{"0":{"name":"(anonymous_0)","decl":{"start":{"line":10,"column":13},"end":{"line":10,"column":14}},"loc":{"start":{"line":10,"column":38},"end":{"line":30,"column":null}},"line":10}},"branchMap":{},"s":{"0":3,"1":19},"f":{"0":19},"b":{},"meta":{"lastBranch":0,"lastFunction":1,"lastStatement":2,"seen":{"s:10:13:30:Infinity":0,"f:10:13:10:14":0,"s:11:2:28:Infinity":1}}}
,"/Users/alexandruchirita/Projects/burger-restaurants-web/src/features/nearbyRestaurants/grid/CardSkeleton.tsx": {"path":"/Users/alexandruchirita/Projects/burger-restaurants-web/src/features/nearbyRestaurants/grid/CardSkeleton.tsx","statementMap":{"0":{"start":{"line":3,"column":21},"end":{"line":16,"column":null}},"1":{"start":{"line":4,"column":2},"end":{"line":16,"column":null}}},"fnMap":{"0":{"name":"(anonymous_0)","decl":{"start":{"line":3,"column":21},"end":{"line":3,"column":null}},"loc":{"start":{"line":4,"column":2},"end":{"line":16,"column":null}},"line":4}},"branchMap":{},"s":{"0":2,"1":51},"f":{"0":51},"b":{},"meta":{"lastBranch":0,"lastFunction":1,"lastStatement":2,"seen":{"s:3:21:16:Infinity":0,"f:3:21:3:Infinity":0,"s:4:2:16:Infinity":1}}}
,"/Users/alexandruchirita/Projects/burger-restaurants-web/src/features/nearbyRestaurants/grid/Grid.tsx": {"path":"/Users/alexandruchirita/Projects/burger-restaurants-web/src/features/nearbyRestaurants/grid/Grid.tsx","statementMap":{"0":{"start":{"line":12,"column":13},"end":{"line":19,"column":null}},"1":{"start":{"line":13,"column":2},"end":{"line":19,"column":null}},"2":{"start":{"line":16,"column":58},"end":{"line":16,"column":82}},"3":{"start":{"line":17,"column":30},"end":{"line":17,"column":65}}},"fnMap":{"0":{"name":"(anonymous_0)","decl":{"start":{"line":12,"column":13},"end":{"line":12,"column":14}},"loc":{"start":{"line":13,"column":2},"end":{"line":19,"column":null}},"line":13},"1":{"name":"(anonymous_1)","decl":{"start":{"line":16,"column":48},"end":{"line":16,"column":49}},"loc":{"start":{"line":16,"column":58},"end":{"line":16,"column":82}},"line":16},"2":{"name":"(anonymous_2)","decl":{"start":{"line":17,"column":20},"end":{"line":17,"column":21}},"loc":{"start":{"line":17,"column":30},"end":{"line":17,"column":65}},"line":17}},"branchMap":{"0":{"loc":{"start":{"line":12,"column":23},"end":{"line":12,"column":42}},"type":"default-arg","locations":[{"start":{"line":12,"column":35},"end":{"line":12,"column":42}}],"line":12},"1":{"loc":{"start":{"line":12,"column":42},"end":{"line":12,"column":60}},"type":"default-arg","locations":[{"start":{"line":12,"column":58},"end":{"line":12,"column":60}}],"line":12},"2":{"loc":{"start":{"line":15,"column":6},"end":{"line":17,"column":null}},"type":"cond-expr","locations":[{"start":{"line":16,"column":10},"end":{"line":16,"column":null}},{"start":{"line":17,"column":10},"end":{"line":17,"column":null}}],"line":15}},"s":{"0":2,"1":13,"2":51,"3":13},"f":{"0":13,"1":51,"2":13},"b":{"0":[13],"1":[13],"2":[9,4]},"meta":{"lastBranch":3,"lastFunction":3,"lastStatement":4,"seen":{"s:12:13:19:Infinity":0,"f:12:13:12:14":0,"s:13:2:19:Infinity":1,"b:12:35:12:42":0,"b:12:58:12:60":1,"b:16:10:16:Infinity:17:10:17:Infinity":2,"f:16:48:16:49":1,"s:16:58:16:82":2,"f:17:20:17:21":2,"s:17:30:17:65":3}}}
,"/Users/alexandruchirita/Projects/burger-restaurants-web/src/features/nearbyRestaurants/grid/styles.scss": {"path":"/Users/alexandruchirita/Projects/burger-restaurants-web/src/features/nearbyRestaurants/grid/styles.scss","statementMap":{},"fnMap":{},"branchMap":{},"s":{},"f":{},"b":{},"meta":{"lastBranch":0,"lastFunction":0,"lastStatement":0,"seen":{}}}
,"/Users/alexandruchirita/Projects/burger-restaurants-web/src/features/restaurantDetails/RestaurantDetails.scss": {"path":"/Users/alexandruchirita/Projects/burger-restaurants-web/src/features/restaurantDetails/RestaurantDetails.scss","statementMap":{},"fnMap":{},"branchMap":{},"s":{},"f":{},"b":{},"meta":{"lastBranch":0,"lastFunction":0,"lastStatement":0,"seen":{}}}
,"/Users/alexandruchirita/Projects/burger-restaurants-web/src/features/restaurantDetails/RestaurantDetails.tsx": {"path":"/Users/alexandruchirita/Projects/burger-restaurants-web/src/features/restaurantDetails/RestaurantDetails.tsx","statementMap":{"0":{"start":{"line":10,"column":26},"end":{"line":69,"column":null}},"1":{"start":{"line":11,"column":45},"end":{"line":11,"column":null}},"2":{"start":{"line":13,"column":2},"end":{"line":16,"column":null}},"3":{"start":{"line":13,"column":17},"end":{"line":16,"column":null}},"4":{"start":{"line":19,"column":2},"end":{"line":28,"column":3}},"5":{"start":{"line":20,"column":4},"end":{"line":26,"column":null}},"6":{"start":{"line":30,"column":2},"end":{"line":39,"column":3}},"7":{"start":{"line":31,"column":4},"end":{"line":37,"column":null}},"8":{"start":{"line":41,"column":2},"end":{"line":67,"column":null}}},"fnMap":{"0":{"name":"(anonymous_0)","decl":{"start":{"line":10,"column":26},"end":{"line":10,"column":27}},"loc":{"start":{"line":10,"column":72},"end":{"line":69,"column":null}},"line":10}},"branchMap":{"0":{"loc":{"start":{"line":13,"column":2},"end":{"line":16,"column":null}},"type":"if","locations":[{"start":{"line":13,"column":2},"end":{"line":16,"column":null}},{"start":{},"end":{}}],"line":13},"1":{"loc":{"start":{"line":19,"column":2},"end":{"line":28,"column":3}},"type":"if","locations":[{"start":{"line":19,"column":2},"end":{"line":28,"column":3}},{"start":{},"end":{}}],"line":19},"2":{"loc":{"start":{"line":30,"column":2},"end":{"line":39,"column":3}},"type":"if","locations":[{"start":{"line":30,"column":2},"end":{"line":39,"column":3}},{"start":{},"end":{}}],"line":30}},"s":{"0":1,"1":15,"2":15,"3":8,"4":7,"5":1,"6":6,"7":1,"8":5},"f":{"0":15},"b":{"0":[8,7],"1":[1,6],"2":[1,5]},"meta":{"lastBranch":3,"lastFunction":1,"lastStatement":9,"seen":{"s:10:26:69:Infinity":0,"f:10:26:10:27":0,"s:11:45:11:Infinity":1,"b:13:2:16:Infinity:undefined:undefined:undefined:undefined":0,"s:13:2:16:Infinity":2,"s:13:17:16:Infinity":3,"b:19:2:28:3:undefined:undefined:undefined:undefined":1,"s:19:2:28:3":4,"s:20:4:26:Infinity":5,"b:30:2:39:3:undefined:undefined:undefined:undefined":2,"s:30:2:39:3":6,"s:31:4:37:Infinity":7,"s:41:2:67:Infinity":8}}}
,"/Users/alexandruchirita/Projects/burger-restaurants-web/src/features/restaurantReviews/RestaurantReviews.tsx": {"path":"/Users/alexandruchirita/Projects/burger-restaurants-web/src/features/restaurantReviews/RestaurantReviews.tsx","statementMap":{"0":{"start":{"line":12,"column":26},"end":{"line":98,"column":null}},"1":{"start":{"line":13,"column":81},"end":{"line":14,"column":null}},"2":{"start":{"line":16,"column":8},"end":{"line":19,"column":null}},"3":{"start":{"line":17,"column":10},"end":{"line":17,"column":null}},"4":{"start":{"line":17,"column":40},"end":{"line":17,"column":49}},"5":{"start":{"line":21,"column":8},"end":{"line":23,"column":null}},"6":{"start":{"line":22,"column":4},"end":{"line":22,"column":null}},"7":{"start":{"line":22,"column":44},"end":{"line":22,"column":null}},"8":{"start":{"line":25,"column":8},"end":{"line":25,"column":null}},"9":{"start":{"line":27,"column":2},"end":{"line":36,"column":null}},"10":{"start":{"line":28,"column":4},"end":{"line":34,"column":null}},"11":{"start":{"line":38,"column":2},"end":{"line":47,"column":null}},"12":{"start":{"line":39,"column":4},"end":{"line":45,"column":null}},"13":{"start":{"line":49,"column":2},"end":{"line":96,"column":null}},"14":{"start":{"line":70,"column":14},"end":{"line":70,"column":null}},"15":{"start":{"line":77,"column":12},"end":{"line":77,"column":null}},"16":{"start":{"line":83,"column":14},"end":{"line":83,"column":null}}},"fnMap":{"0":{"name":"(anonymous_0)","decl":{"start":{"line":12,"column":26},"end":{"line":12,"column":27}},"loc":{"start":{"line":12,"column":72},"end":{"line":98,"column":null}},"line":12},"1":{"name":"(anonymous_1)","decl":{"start":{"line":17,"column":4},"end":{"line":17,"column":10}},"loc":{"start":{"line":17,"column":10},"end":{"line":17,"column":null}},"line":17},"2":{"name":"(anonymous_2)","decl":{"start":{"line":17,"column":30},"end":{"line":17,"column":31}},"loc":{"start":{"line":17,"column":40},"end":{"line":17,"column":49}},"line":17},"3":{"name":"(anonymous_3)","decl":{"start":{"line":21,"column":37},"end":{"line":21,"column":43}},"loc":{"start":{"line":21,"column":43},"end":{"line":23,"column":5}},"line":21},"4":{"name":"(anonymous_4)","decl":{"start":{"line":69,"column":39},"end":{"line":69,"column":40}},"loc":{"start":{"line":70,"column":14},"end":{"line":70,"column":null}},"line":70},"5":{"name":"(anonymous_5)","decl":{"start":{"line":76,"column":22},"end":{"line":76,"column":23}},"loc":{"start":{"line":77,"column":12},"end":{"line":77,"column":null}},"line":77},"6":{"name":"(anonymous_6)","decl":{"start":{"line":82,"column":39},"end":{"line":82,"column":40}},"loc":{"start":{"line":83,"column":14},"end":{"line":83,"column":null}},"line":83}},"branchMap":{"0":{"loc":{"start":{"line":17,"column":10},"end":{"line":17,"column":null}},"type":"binary-expr","locations":[{"start":{"line":17,"column":10},"end":{"line":17,"column":54}},{"start":{"line":17,"column":54},"end":{"line":17,"column":null}}],"line":17},"1":{"loc":{"start":{"line":22,"column":4},"end":{"line":22,"column":null}},"type":"if","locations":[{"start":{"line":22,"column":4},"end":{"line":22,"column":null}},{"start":{},"end":{}}],"line":22},"2":{"loc":{"start":{"line":22,"column":8},"end":{"line":22,"column":44}},"type":"binary-expr","locations":[{"start":{"line":22,"column":8},"end":{"line":22,"column":23}},{"start":{"line":22,"column":23},"end":{"line":22,"column":44}}],"line":22},"3":{"loc":{"start":{"line":27,"column":2},"end":{"line":36,"column":null}},"type":"if","locations":[{"start":{"line":27,"column":2},"end":{"line":36,"column":null}},{"start":{},"end":{}}],"line":27},"4":{"loc":{"start":{"line":38,"column":2},"end":{"line":47,"column":null}},"type":"if","locations":[{"start":{"line":38,"column":2},"end":{"line":47,"column":null}},{"start":{},"end":{}}],"line":38},"5":{"loc":{"start":{"line":38,"column":6},"end":{"line":38,"column":42}},"type":"binary-expr","locations":[{"start":{"line":38,"column":6},"end":{"line":38,"column":20}},{"start":{"line":38,"column":20},"end":{"line":38,"column":42}}],"line":38},"6":{"loc":{"start":{"line":57,"column":7},"end":{"line":60,"column":null}},"type":"binary-expr","locations":[{"start":{"line":57,"column":7},"end":{"line":57,"column":null}},{"start":{"line":58,"column":8},"end":{"line":60,"column":null}}],"line":57},"7":{"loc":{"start":{"line":65,"column":19},"end":{"line":65,"column":null}},"type":"binary-expr","locations":[{"start":{"line":65,"column":19},"end":{"line":65,"column":32}},{"start":{"line":65,"column":32},"end":{"line":65,"column":null}}],"line":65},"8":{"loc":{"start":{"line":67,"column":9},"end":{"line":72,"column":null}},"type":"binary-expr","locations":[{"start":{"line":67,"column":9},"end":{"line":67,"column":null}},{"start":{"line":68,"column":10},"end":{"line":72,"column":null}}],"line":67},"9":{"loc":{"start":{"line":75,"column":9},"end":{"line":78,"column":null}},"type":"binary-expr","locations":[{"start":{"line":75,"column":9},"end":{"line":75,"column":null}},{"start":{"line":76,"column":10},"end":{"line":78,"column":null}}],"line":75},"10":{"loc":{"start":{"line":80,"column":9},"end":{"line":85,"column":null}},"type":"binary-expr","locations":[{"start":{"line":80,"column":9},"end":{"line":80,"column":null}},{"start":{"line":81,"column":10},"end":{"line":85,"column":null}}],"line":80},"11":{"loc":{"start":{"line":88,"column":9},"end":{"line":93,"column":null}},"type":"binary-expr","locations":[{"start":{"line":88,"column":9},"end":{"line":88,"column":24}},{"start":{"line":88,"column":24},"end":{"line":88,"column":null}},{"start":{"line":89,"column":10},"end":{"line":93,"column":null}}],"line":88}},"s":{"0":1,"1":8,"2":8,"3":7,"4":2,"5":8,"6":0,"7":0,"8":8,"9":8,"10":1,"11":7,"12":1,"13":6,"14":15,"15":3,"16":0},"f":{"0":8,"1":7,"2":2,"3":0,"4":15,"5":3,"6":0},"b":{"0":[7,5],"1":[0,0],"2":[0,0],"3":[1,7],"4":[1,6],"5":[7,2],"6":[6,0],"7":[8,1],"8":[8,5],"9":[8,1],"10":[8,0],"11":[8,1,1]},"meta":{"lastBranch":12,"lastFunction":7,"lastStatement":17,"seen":{"s:12:26:98:Infinity":0,"f:12:26:12:27":0,"s:13:81:14:Infinity":1,"s:16:8:19:Infinity":2,"f:17:4:17:10":1,"s:17:10:17:Infinity":3,"b:17:10:17:54:17:54:17:Infinity":0,"f:17:30:17:31":2,"s:17:40:17:49":4,"s:21:8:23:Infinity":5,"f:21:37:21:43":3,"b:22:4:22:Infinity:undefined:undefined:undefined:undefined":1,"s:22:4:22:Infinity":6,"b:22:8:22:23:22:23:22:44":2,"s:22:44:22:Infinity":7,"s:25:8:25:Infinity":8,"b:27:2:36:Infinity:undefined:undefined:undefined:undefined":3,"s:27:2:36:Infinity":9,"s:28:4:34:Infinity":10,"b:38:2:47:Infinity:undefined:undefined:undefined:undefined":4,"s:38:2:47:Infinity":11,"b:38:6:38:20:38:20:38:42":5,"s:39:4:45:Infinity":12,"s:49:2:96:Infinity":13,"b:57:7:57:Infinity:58:8:60:Infinity":6,"b:65:19:65:32:65:32:65:Infinity":7,"b:67:9:67:Infinity:68:10:72:Infinity":8,"f:69:39:69:40":4,"s:70:14:70:Infinity":14,"b:75:9:75:Infinity:76:10:78:Infinity":9,"f:76:22:76:23":5,"s:77:12:77:Infinity":15,"b:80:9:80:Infinity:81:10:85:Infinity":10,"f:82:39:82:40":6,"s:83:14:83:Infinity":16,"b:88:9:88:24:88:24:88:Infinity:89:10:93:Infinity":11}}}
,"/Users/alexandruchirita/Projects/burger-restaurants-web/src/features/restaurantReviews/ReviewCard.tsx": {"path":"/Users/alexandruchirita/Projects/burger-restaurants-web/src/features/restaurantReviews/ReviewCard.tsx","statementMap":{"0":{"start":{"line":10,"column":19},"end":{"line":37,"column":null}},"1":{"start":{"line":11,"column":2},"end":{"line":37,"column":null}}},"fnMap":{"0":{"name":"(anonymous_0)","decl":{"start":{"line":10,"column":19},"end":{"line":10,"column":20}},"loc":{"start":{"line":11,"column":2},"end":{"line":37,"column":null}},"line":11}},"branchMap":{},"s":{"0":2,"1":8},"f":{"0":8},"b":{},"meta":{"lastBranch":0,"lastFunction":1,"lastStatement":2,"seen":{"s:10:19:37:Infinity":0,"f:10:19:10:20":0,"s:11:2:37:Infinity":1}}}
,"/Users/alexandruchirita/Projects/burger-restaurants-web/src/features/restaurantReviews/styles.scss": {"path":"/Users/alexandruchirita/Projects/burger-restaurants-web/src/features/restaurantReviews/styles.scss","statementMap":{},"fnMap":{},"branchMap":{},"s":{},"f":{},"b":{},"meta":{"lastBranch":0,"lastFunction":0,"lastStatement":0,"seen":{}}}
,"/Users/alexandruchirita/Projects/burger-restaurants-web/src/hooks/useOnVisible.ts": {"path":"/Users/alexandruchirita/Projects/burger-restaurants-web/src/hooks/useOnVisible.ts","statementMap":{"0":{"start":{"line":7,"column":8},"end":{"line":7,"column":null}},"1":{"start":{"line":8,"column":8},"end":{"line":8,"column":null}},"2":{"start":{"line":10,"column":2},"end":{"line":26,"column":null}},"3":{"start":{"line":11,"column":4},"end":{"line":11,"column":null}},"4":{"start":{"line":11,"column":22},"end":{"line":11,"column":null}},"5":{"start":{"line":13,"column":21},"end":{"line":21,"column":null}},"6":{"start":{"line":15,"column":8},"end":{"line":18,"column":null}},"7":{"start":{"line":16,"column":10},"end":{"line":16,"column":null}},"8":{"start":{"line":17,"column":10},"end":{"line":17,"column":null}},"9":{"start":{"line":23,"column":4},"end":{"line":23,"column":null}},"10":{"start":{"line":25,"column":4},"end":{"line":25,"column":null}},"11":{"start":{"line":25,"column":23},"end":{"line":25,"column":null}},"12":{"start":{"line":28,"column":2},"end":{"line":28,"column":null}}},"fnMap":{"0":{"name":"useOnVisible","decl":{"start":{"line":3,"column":16},"end":{"line":3,"column":null}},"loc":{"start":{"line":6,"column":23},"end":{"line":29,"column":null}},"line":6},"1":{"name":"(anonymous_1)","decl":{"start":{"line":10,"column":12},"end":{"line":10,"column":18}},"loc":{"start":{"line":10,"column":18},"end":{"line":26,"column":5}},"line":10},"2":{"name":"(anonymous_2)","decl":{"start":{"line":14,"column":6},"end":{"line":14,"column":7}},"loc":{"start":{"line":14,"column":54},"end":{"line":19,"column":null}},"line":14},"3":{"name":"(anonymous_3)","decl":{"start":{"line":25,"column":11},"end":{"line":25,"column":23}},"loc":{"start":{"line":25,"column":23},"end":{"line":25,"column":null}},"line":25}},"branchMap":{"0":{"loc":{"start":{"line":5,"column":2},"end":{"line":5,"column":null}},"type":"default-arg","locations":[{"start":{"line":5,"column":38},"end":{"line":5,"column":null}}],"line":5},"1":{"loc":{"start":{"line":11,"column":4},"end":{"line":11,"column":null}},"type":"if","locations":[{"start":{"line":11,"column":4},"end":{"line":11,"column":null}},{"start":{},"end":{}}],"line":11},"2":{"loc":{"start":{"line":15,"column":8},"end":{"line":18,"column":null}},"type":"if","locations":[{"start":{"line":15,"column":8},"end":{"line":18,"column":null}},{"start":{},"end":{}}],"line":15}},"s":{"0":7,"1":7,"2":7,"3":7,"4":2,"5":5,"6":3,"7":2,"8":2,"9":5,"10":5,"11":5,"12":7},"f":{"0":7,"1":7,"2":3,"3":5},"b":{"0":[7],"1":[2,5],"2":[2,1]},"meta":{"lastBranch":3,"lastFunction":4,"lastStatement":13,"seen":{"f:3:16:3:Infinity":0,"b:5:38:5:Infinity":0,"s:7:8:7:Infinity":0,"s:8:8:8:Infinity":1,"s:10:2:26:Infinity":2,"f:10:12:10:18":1,"b:11:4:11:Infinity:undefined:undefined:undefined:undefined":1,"s:11:4:11:Infinity":3,"s:11:22:11:Infinity":4,"s:13:21:21:Infinity":5,"f:14:6:14:7":2,"b:15:8:18:Infinity:undefined:undefined:undefined:undefined":2,"s:15:8:18:Infinity":6,"s:16:10:16:Infinity":7,"s:17:10:17:Infinity":8,"s:23:4:23:Infinity":9,"s:25:4:25:Infinity":10,"f:25:11:25:23":3,"s:25:23:25:Infinity":11,"s:28:2:28:Infinity":12}}}
,"/Users/alexandruchirita/Projects/burger-restaurants-web/src/mocks/data/restaurants.mock.ts": {"path":"/Users/alexandruchirita/Projects/burger-restaurants-web/src/mocks/data/restaurants.mock.ts","statementMap":{"0":{"start":{"line":3,"column":42},"end":{"line":15,"column":null}},"1":{"start":{"line":17,"column":57},"end":{"line":74,"column":null}}},"fnMap":{},"branchMap":{},"s":{"0":13,"1":13},"f":{},"b":{},"meta":{"lastBranch":0,"lastFunction":0,"lastStatement":2,"seen":{"s:3:42:15:Infinity":0,"s:17:57:74:Infinity":1}}}
,"/Users/alexandruchirita/Projects/burger-restaurants-web/src/mocks/data/reviews.mock.ts": {"path":"/Users/alexandruchirita/Projects/burger-restaurants-web/src/mocks/data/reviews.mock.ts","statementMap":{"0":{"start":{"line":3,"column":37},"end":{"line":85,"column":null}}},"fnMap":{},"branchMap":{},"s":{"0":13},"f":{},"b":{},"meta":{"lastBranch":0,"lastFunction":0,"lastStatement":1,"seen":{"s:3:37:85:Infinity":0}}}
,"/Users/alexandruchirita/Projects/burger-restaurants-web/src/mocks/handlers/restaurant.handler.ts": {"path":"/Users/alexandruchirita/Projects/burger-restaurants-web/src/mocks/handlers/restaurant.handler.ts","statementMap":{"0":{"start":{"line":7,"column":22},"end":{"line":7,"column":null}},"1":{"start":{"line":9,"column":34},"end":{"line":38,"column":null}},"2":{"start":{"line":11,"column":4},"end":{"line":11,"column":null}},"3":{"start":{"line":12,"column":16},"end":{"line":12,"column":null}},"4":{"start":{"line":13,"column":19},"end":{"line":13,"column":null}},"5":{"start":{"line":14,"column":18},"end":{"line":14,"column":null}},"6":{"start":{"line":16,"column":23},"end":{"line":18,"column":null}},"7":{"start":{"line":17,"column":47},"end":{"line":17,"column":62}},"8":{"start":{"line":20,"column":17},"end":{"line":20,"column":null}},"9":{"start":{"line":21,"column":21},"end":{"line":21,"column":null}},"10":{"start":{"line":23,"column":48},"end":{"line":26,"column":null}},"11":{"start":{"line":28,"column":4},"end":{"line":28,"column":null}},"12":{"start":{"line":32,"column":4},"end":{"line":32,"column":null}},"13":{"start":{"line":33,"column":4},"end":{"line":36,"column":null}}},"fnMap":{"0":{"name":"(anonymous_0)","decl":{"start":{"line":10,"column":52},"end":{"line":10,"column":59}},"loc":{"start":{"line":10,"column":75},"end":{"line":29,"column":3}},"line":10},"1":{"name":"(anonymous_1)","decl":{"start":{"line":17,"column":40},"end":{"line":17,"column":41}},"loc":{"start":{"line":17,"column":47},"end":{"line":17,"column":62}},"line":17},"2":{"name":"(anonymous_2)","decl":{"start":{"line":31,"column":49},"end":{"line":31,"column":56}},"loc":{"start":{"line":31,"column":71},"end":{"line":37,"column":3}},"line":31}},"branchMap":{"0":{"loc":{"start":{"line":14,"column":18},"end":{"line":14,"column":null}},"type":"binary-expr","locations":[{"start":{"line":14,"column":18},"end":{"line":14,"column":59}},{"start":{"line":14,"column":59},"end":{"line":14,"column":null}}],"line":14},"1":{"loc":{"start":{"line":16,"column":23},"end":{"line":18,"column":null}},"type":"cond-expr","locations":[{"start":{"line":17,"column":8},"end":{"line":17,"column":null}},{"start":{"line":18,"column":8},"end":{"line":18,"column":null}}],"line":16},"2":{"loc":{"start":{"line":25,"column":18},"end":{"line":25,"column":null}},"type":"binary-expr","locations":[{"start":{"line":25,"column":18},"end":{"line":25,"column":34}},{"start":{"line":25,"column":34},"end":{"line":25,"column":null}}],"line":25}},"s":{"0":13,"1":13,"2":3,"3":2,"4":2,"5":2,"6":3,"7":0,"8":3,"9":3,"10":3,"11":3,"12":6,"13":6},"f":{"0":3,"1":0,"2":6},"b":{"0":[2,2],"1":[0,2],"2":[3,2]},"meta":{"lastBranch":3,"lastFunction":3,"lastStatement":14,"seen":{"s:7:22:7:Infinity":0,"s:9:34:38:Infinity":1,"f:10:52:10:59":0,"s:11:4:11:Infinity":2,"s:12:16:12:Infinity":3,"s:13:19:13:Infinity":4,"s:14:18:14:Infinity":5,"b:14:18:14:59:14:59:14:Infinity":0,"s:16:23:18:Infinity":6,"b:17:8:17:Infinity:18:8:18:Infinity":1,"f:17:40:17:41":1,"s:17:47:17:62":7,"s:20:17:20:Infinity":8,"s:21:21:21:Infinity":9,"s:23:48:26:Infinity":10,"b:25:18:25:34:25:34:25:Infinity":2,"s:28:4:28:Infinity":11,"f:31:49:31:56":2,"s:32:4:32:Infinity":12,"s:33:4:36:Infinity":13}}}
,"/Users/alexandruchirita/Projects/burger-restaurants-web/src/mocks/handlers/review.handler.ts": {"path":"/Users/alexandruchirita/Projects/burger-restaurants-web/src/mocks/handlers/review.handler.ts","statementMap":{"0":{"start":{"line":7,"column":22},"end":{"line":7,"column":null}},"1":{"start":{"line":9,"column":30},"end":{"line":39,"column":null}},"2":{"start":{"line":11,"column":4},"end":{"line":11,"column":null}},"3":{"start":{"line":12,"column":16},"end":{"line":12,"column":null}},"4":{"start":{"line":13,"column":19},"end":{"line":13,"column":null}},"5":{"start":{"line":14,"column":18},"end":{"line":14,"column":null}},"6":{"start":{"line":16,"column":23},"end":{"line":18,"column":null}},"7":{"start":{"line":17,"column":37},"end":{"line":17,"column":52}},"8":{"start":{"line":20,"column":17},"end":{"line":20,"column":null}},"9":{"start":{"line":21,"column":21},"end":{"line":21,"column":null}},"10":{"start":{"line":23,"column":38},"end":{"line":26,"column":null}},"11":{"start":{"line":28,"column":4},"end":{"line":28,"column":null}},"12":{"start":{"line":32,"column":4},"end":{"line":32,"column":null}},"13":{"start":{"line":33,"column":17},"end":{"line":33,"column":null}},"14":{"start":{"line":34,"column":4},"end":{"line":37,"column":null}}},"fnMap":{"0":{"name":"(anonymous_0)","decl":{"start":{"line":10,"column":41},"end":{"line":10,"column":48}},"loc":{"start":{"line":10,"column":64},"end":{"line":29,"column":3}},"line":10},"1":{"name":"(anonymous_1)","decl":{"start":{"line":17,"column":30},"end":{"line":17,"column":31}},"loc":{"start":{"line":17,"column":37},"end":{"line":17,"column":52}},"line":17},"2":{"name":"(anonymous_2)","decl":{"start":{"line":31,"column":68},"end":{"line":31,"column":75}},"loc":{"start":{"line":31,"column":91},"end":{"line":38,"column":3}},"line":31}},"branchMap":{"0":{"loc":{"start":{"line":14,"column":18},"end":{"line":14,"column":null}},"type":"binary-expr","locations":[{"start":{"line":14,"column":18},"end":{"line":14,"column":59}},{"start":{"line":14,"column":59},"end":{"line":14,"column":null}}],"line":14},"1":{"loc":{"start":{"line":16,"column":23},"end":{"line":18,"column":null}},"type":"cond-expr","locations":[{"start":{"line":17,"column":8},"end":{"line":17,"column":null}},{"start":{"line":18,"column":8},"end":{"line":18,"column":null}}],"line":16},"2":{"loc":{"start":{"line":25,"column":18},"end":{"line":25,"column":null}},"type":"binary-expr","locations":[{"start":{"line":25,"column":18},"end":{"line":25,"column":34}},{"start":{"line":25,"column":34},"end":{"line":25,"column":null}}],"line":25}},"s":{"0":13,"1":13,"2":3,"3":3,"4":3,"5":3,"6":3,"7":0,"8":3,"9":3,"10":3,"11":3,"12":0,"13":0,"14":0},"f":{"0":3,"1":0,"2":0},"b":{"0":[3,3],"1":[0,3],"2":[3,0]},"meta":{"lastBranch":3,"lastFunction":3,"lastStatement":15,"seen":{"s:7:22:7:Infinity":0,"s:9:30:39:Infinity":1,"f:10:41:10:48":0,"s:11:4:11:Infinity":2,"s:12:16:12:Infinity":3,"s:13:19:13:Infinity":4,"s:14:18:14:Infinity":5,"b:14:18:14:59:14:59:14:Infinity":0,"s:16:23:18:Infinity":6,"b:17:8:17:Infinity:18:8:18:Infinity":1,"f:17:30:17:31":1,"s:17:37:17:52":7,"s:20:17:20:Infinity":8,"s:21:21:21:Infinity":9,"s:23:38:26:Infinity":10,"b:25:18:25:34:25:34:25:Infinity":2,"s:28:4:28:Infinity":11,"f:31:68:31:75":2,"s:32:4:32:Infinity":12,"s:33:17:33:Infinity":13,"s:34:4:37:Infinity":14}}}
,"/Users/alexandruchirita/Projects/burger-restaurants-web/src/mocks/utils/delay.ts": {"path":"/Users/alexandruchirita/Projects/burger-restaurants-web/src/mocks/utils/delay.ts","statementMap":{"0":{"start":{"line":3,"column":25},"end":{"line":3,"column":null}}},"fnMap":{"0":{"name":"(anonymous_0)","decl":{"start":{"line":3,"column":25},"end":{"line":3,"column":31}},"loc":{"start":{"line":3,"column":25},"end":{"line":3,"column":null}},"line":3}},"branchMap":{},"s":{"0":12},"f":{"0":12},"b":{},"meta":{"lastBranch":0,"lastFunction":1,"lastStatement":1,"seen":{"s:3:25:3:Infinity":0,"f:3:25:3:31":0}}}
,"/Users/alexandruchirita/Projects/burger-restaurants-web/src/shared/layout/footer/Footer.scss": {"path":"/Users/alexandruchirita/Projects/burger-restaurants-web/src/shared/layout/footer/Footer.scss","statementMap":{},"fnMap":{},"branchMap":{},"s":{},"f":{},"b":{},"meta":{"lastBranch":0,"lastFunction":0,"lastStatement":0,"seen":{}}}
,"/Users/alexandruchirita/Projects/burger-restaurants-web/src/shared/layout/footer/Footer.tsx": {"path":"/Users/alexandruchirita/Projects/burger-restaurants-web/src/shared/layout/footer/Footer.tsx","statementMap":{"0":{"start":{"line":3,"column":15},"end":{"line":11,"column":null}},"1":{"start":{"line":4,"column":2},"end":{"line":9,"column":null}}},"fnMap":{"0":{"name":"(anonymous_0)","decl":{"start":{"line":3,"column":15},"end":{"line":3,"column":21}},"loc":{"start":{"line":3,"column":21},"end":{"line":11,"column":null}},"line":3}},"branchMap":{},"s":{"0":1,"1":3},"f":{"0":3},"b":{},"meta":{"lastBranch":0,"lastFunction":1,"lastStatement":2,"seen":{"s:3:15:11:Infinity":0,"f:3:15:3:21":0,"s:4:2:9:Infinity":1}}}
,"/Users/alexandruchirita/Projects/burger-restaurants-web/src/shared/layout/header/Header.scss": {"path":"/Users/alexandruchirita/Projects/burger-restaurants-web/src/shared/layout/header/Header.scss","statementMap":{},"fnMap":{},"branchMap":{},"s":{},"f":{},"b":{},"meta":{"lastBranch":0,"lastFunction":0,"lastStatement":0,"seen":{}}}
,"/Users/alexandruchirita/Projects/burger-restaurants-web/src/shared/layout/header/Header.tsx": {"path":"/Users/alexandruchirita/Projects/burger-restaurants-web/src/shared/layout/header/Header.tsx","statementMap":{"0":{"start":{"line":4,"column":15},"end":{"line":24,"column":null}},"1":{"start":{"line":5,"column":2},"end":{"line":22,"column":null}}},"fnMap":{"0":{"name":"(anonymous_0)","decl":{"start":{"line":4,"column":15},"end":{"line":4,"column":21}},"loc":{"start":{"line":4,"column":21},"end":{"line":24,"column":null}},"line":4}},"branchMap":{},"s":{"0":1,"1":4},"f":{"0":4},"b":{},"meta":{"lastBranch":0,"lastFunction":1,"lastStatement":2,"seen":{"s:4:15:24:Infinity":0,"f:4:15:4:21":0,"s:5:2:22:Infinity":1}}}
,"/Users/alexandruchirita/Projects/burger-restaurants-web/src/shared/mapWidget/MapWidget.scss": {"path":"/Users/alexandruchirita/Projects/burger-restaurants-web/src/shared/mapWidget/MapWidget.scss","statementMap":{},"fnMap":{},"branchMap":{},"s":{},"f":{},"b":{},"meta":{"lastBranch":0,"lastFunction":0,"lastStatement":0,"seen":{}}}
,"/Users/alexandruchirita/Projects/burger-restaurants-web/src/shared/mapWidget/MapWidget.tsx": {"path":"/Users/alexandruchirita/Projects/burger-restaurants-web/src/shared/mapWidget/MapWidget.tsx","statementMap":{"0":{"start":{"line":6,"column":16},"end":{"line":11,"column":null}},"1":{"start":{"line":30,"column":41},"end":{"line":30,"column":null}},"2":{"start":{"line":31,"column":21},"end":{"line":31,"column":null}},"3":{"start":{"line":33,"column":18},"end":{"line":74,"column":null}},"4":{"start":{"line":40,"column":2},"end":{"line":72,"column":null}},"5":{"start":{"line":53,"column":10},"end":{"line":69,"column":null}}},"fnMap":{"0":{"name":"(anonymous_0)","decl":{"start":{"line":33,"column":18},"end":{"line":33,"column":49}},"loc":{"start":{"line":39,"column":25},"end":{"line":74,"column":null}},"line":39},"1":{"name":"(anonymous_1)","decl":{"start":{"line":52,"column":18},"end":{"line":52,"column":19}},"loc":{"start":{"line":53,"column":10},"end":{"line":69,"column":null}},"line":53}},"branchMap":{"0":{"loc":{"start":{"line":36,"column":2},"end":{"line":36,"column":null}},"type":"default-arg","locations":[{"start":{"line":36,"column":11},"end":{"line":36,"column":null}}],"line":36},"1":{"loc":{"start":{"line":37,"column":2},"end":{"line":37,"column":null}},"type":"default-arg","locations":[{"start":{"line":37,"column":9},"end":{"line":37,"column":null}}],"line":37},"2":{"loc":{"start":{"line":38,"column":2},"end":{"line":38,"column":null}},"type":"default-arg","locations":[{"start":{"line":38,"column":14},"end":{"line":38,"column":null}}],"line":38},"3":{"loc":{"start":{"line":58,"column":16},"end":{"line":59,"column":null}},"type":"cond-expr","locations":[{"start":{"line":59,"column":16},"end":{"line":59,"column":57}},{"start":{"line":59,"column":57},"end":{"line":59,"column":null}}],"line":58},"4":{"loc":{"start":{"line":64,"column":13},"end":{"line":67,"column":null}},"type":"binary-expr","locations":[{"start":{"line":64,"column":13},"end":{"line":64,"column":28}},{"start":{"line":64,"column":28},"end":{"line":64,"column":null}},{"start":{"line":65,"column":14},"end":{"line":67,"column":null}}],"line":64}},"s":{"0":1,"1":1,"2":1,"3":1,"4":6,"5":7},"f":{"0":6,"1":7},"b":{"0":[6],"1":[6],"2":[6],"3":[6,1],"4":[7,6,2]},"meta":{"lastBranch":5,"lastFunction":2,"lastStatement":6,"seen":{"s:6:16:11:Infinity":0,"s:30:41:30:Infinity":1,"s:31:21:31:Infinity":2,"s:33:18:74:Infinity":3,"f:33:18:33:49":0,"b:36:11:36:Infinity":0,"b:37:9:37:Infinity":1,"b:38:14:38:Infinity":2,"s:40:2:72:Infinity":4,"f:52:18:52:19":1,"s:53:10:69:Infinity":5,"b:59:16:59:57:59:57:59:Infinity":3,"b:64:13:64:28:64:28:64:Infinity:65:14:67:Infinity":4}}}
,"/Users/alexandruchirita/Projects/burger-restaurants-web/src/shared/notice/Notice.scss": {"path":"/Users/alexandruchirita/Projects/burger-restaurants-web/src/shared/notice/Notice.scss","statementMap":{},"fnMap":{},"branchMap":{},"s":{},"f":{},"b":{},"meta":{"lastBranch":0,"lastFunction":0,"lastStatement":0,"seen":{}}}
,"/Users/alexandruchirita/Projects/burger-restaurants-web/src/shared/notice/Notice.tsx": {"path":"/Users/alexandruchirita/Projects/burger-restaurants-web/src/shared/notice/Notice.tsx","statementMap":{"0":{"start":{"line":23,"column":54},"end":{"line":28,"column":null}},"1":{"start":{"line":30,"column":48},"end":{"line":36,"column":null}},"2":{"start":{"line":38,"column":15},"end":{"line":54,"column":null}},"3":{"start":{"line":39,"column":8},"end":{"line":39,"column":null}},"4":{"start":{"line":41,"column":23},"end":{"line":42,"column":null}},"5":{"start":{"line":44,"column":69},"end":{"line":44,"column":null}},"6":{"start":{"line":46,"column":2},"end":{"line":52,"column":null}}},"fnMap":{"0":{"name":"(anonymous_0)","decl":{"start":{"line":38,"column":15},"end":{"line":38,"column":16}},"loc":{"start":{"line":38,"column":122},"end":{"line":54,"column":null}},"line":38}},"branchMap":{"0":{"loc":{"start":{"line":38,"column":16},"end":{"line":38,"column":122}},"type":"default-arg","locations":[{"start":{"line":38,"column":115},"end":{"line":38,"column":122}}],"line":38},"1":{"loc":{"start":{"line":38,"column":78},"end":{"line":38,"column":98}},"type":"default-arg","locations":[{"start":{"line":38,"column":93},"end":{"line":38,"column":98}}],"line":38},"2":{"loc":{"start":{"line":41,"column":23},"end":{"line":42,"column":null}},"type":"binary-expr","locations":[{"start":{"line":41,"column":23},"end":{"line":41,"column":null}},{"start":{"line":41,"column":23},"end":{"line":42,"column":null}}],"line":41},"3":{"loc":{"start":{"line":41,"column":23},"end":{"line":42,"column":null}},"type":"cond-expr","locations":[{"start":{"line":42,"column":39},"end":{"line":42,"column":79}},{"start":{"line":42,"column":79},"end":{"line":42,"column":null}}],"line":41},"4":{"loc":{"start":{"line":42,"column":39},"end":{"line":42,"column":79}},"type":"binary-expr","locations":[{"start":{"line":42,"column":39},"end":{"line":42,"column":68}},{"start":{"line":42,"column":68},"end":{"line":42,"column":79}}],"line":42},"5":{"loc":{"start":{"line":49,"column":59},"end":{"line":49,"column":89}},"type":"binary-expr","locations":[{"start":{"line":49,"column":59},"end":{"line":49,"column":74}},{"start":{"line":49,"column":74},"end":{"line":49,"column":89}}],"line":49},"6":{"loc":{"start":{"line":50,"column":38},"end":{"line":50,"column":68}},"type":"binary-expr","locations":[{"start":{"line":50,"column":38},"end":{"line":50,"column":53}},{"start":{"line":50,"column":53},"end":{"line":50,"column":68}}],"line":50},"7":{"loc":{"start":{"line":51,"column":7},"end":{"line":51,"column":null}},"type":"binary-expr","locations":[{"start":{"line":51,"column":7},"end":{"line":51,"column":23}},{"start":{"line":51,"column":23},"end":{"line":51,"column":null}}],"line":51}},"s":{"0":4,"1":4,"2":4,"3":21,"4":21,"5":21,"6":21},"f":{"0":21},"b":{"0":[21],"1":[21],"2":[21,5],"3":[5,0],"4":[5,1],"5":[21,14],"6":[21,14],"7":[21,14]},"meta":{"lastBranch":8,"lastFunction":1,"lastStatement":7,"seen":{"s:23:54:28:Infinity":0,"s:30:48:36:Infinity":1,"s:38:15:54:Infinity":2,"f:38:15:38:16":0,"b:38:115:38:122":0,"b:38:93:38:98":1,"s:39:8:39:Infinity":3,"s:41:23:42:Infinity":4,"b:41:23:41:Infinity:41:23:42:Infinity":2,"b:42:39:42:79:42:79:42:Infinity":3,"b:42:39:42:68:42:68:42:79":4,"s:44:69:44:Infinity":5,"s:46:2:52:Infinity":6,"b:49:59:49:74:49:74:49:89":5,"b:50:38:50:53:50:53:50:68":6,"b:51:7:51:23:51:23:51:Infinity":7}}}
,"/Users/alexandruchirita/Projects/burger-restaurants-web/src/shared/ratingDetails/RatingDetails.scss": {"path":"/Users/alexandruchirita/Projects/burger-restaurants-web/src/shared/ratingDetails/RatingDetails.scss","statementMap":{},"fnMap":{},"branchMap":{},"s":{},"f":{},"b":{},"meta":{"lastBranch":0,"lastFunction":0,"lastStatement":0,"seen":{}}}
,"/Users/alexandruchirita/Projects/burger-restaurants-web/src/shared/ratingDetails/RatingDetails.tsx": {"path":"/Users/alexandruchirita/Projects/burger-restaurants-web/src/shared/ratingDetails/RatingDetails.tsx","statementMap":{"0":{"start":{"line":9,"column":45},"end":{"line":14,"column":null}},"1":{"start":{"line":16,"column":22},"end":{"line":24,"column":null}},"2":{"start":{"line":17,"column":2},"end":{"line":24,"column":null}},"3":{"start":{"line":19,"column":6},"end":{"line":22,"column":null}}},"fnMap":{"0":{"name":"(anonymous_0)","decl":{"start":{"line":16,"column":22},"end":{"line":16,"column":23}},"loc":{"start":{"line":17,"column":2},"end":{"line":24,"column":null}},"line":17},"1":{"name":"(anonymous_1)","decl":{"start":{"line":18,"column":54},"end":{"line":18,"column":55}},"loc":{"start":{"line":19,"column":6},"end":{"line":22,"column":null}},"line":19}},"branchMap":{"0":{"loc":{"start":{"line":16,"column":33},"end":{"line":16,"column":45}},"type":"default-arg","locations":[{"start":{"line":16,"column":40},"end":{"line":16,"column":45}}],"line":16}},"s":{"0":7,"1":7,"2":37,"3":148},"f":{"0":37,"1":148},"b":{"0":[37]},"meta":{"lastBranch":1,"lastFunction":2,"lastStatement":4,"seen":{"s:9:45:14:Infinity":0,"s:16:22:24:Infinity":1,"f:16:22:16:23":0,"s:17:2:24:Infinity":2,"b:16:40:16:45":0,"f:18:54:18:55":1,"s:19:6:22:Infinity":3}}}
,"/Users/alexandruchirita/Projects/burger-restaurants-web/src/test/server.ts": {"path":"/Users/alexandruchirita/Projects/burger-restaurants-web/src/test/server.ts","statementMap":{"0":{"start":{"line":5,"column":13},"end":{"line":5,"column":null}}},"fnMap":{},"branchMap":{},"s":{"0":13},"f":{},"b":{},"meta":{"lastBranch":0,"lastFunction":0,"lastStatement":1,"seen":{"s:5:13:5:Infinity":0}}}
,"/Users/alexandruchirita/Projects/burger-restaurants-web/src/utils/prettyDate.ts": {"path":"/Users/alexandruchirita/Projects/burger-restaurants-web/src/utils/prettyDate.ts","statementMap":{"0":{"start":{"line":1,"column":26},"end":{"line":2,"column":null}},"1":{"start":{"line":2,"column":2},"end":{"line":2,"column":null}}},"fnMap":{"0":{"name":"(anonymous_0)","decl":{"start":{"line":1,"column":26},"end":{"line":1,"column":27}},"loc":{"start":{"line":2,"column":2},"end":{"line":2,"column":null}},"line":2}},"branchMap":{},"s":{"0":3,"1":12},"f":{"0":12},"b":{},"meta":{"lastBranch":0,"lastFunction":1,"lastStatement":2,"seen":{"s:1:26:2:Infinity":0,"f:1:26:1:27":0,"s:2:2:2:Infinity":1}}}
}
