{"/Users/alexandruchirita/Projects/burger-restaurants-web/src/assets/icons/empty-files.svg": {"path":"/Users/alexandruchirita/Projects/burger-restaurants-web/src/assets/icons/empty-files.svg","statementMap":{},"fnMap":{},"branchMap":{},"s":{},"f":{},"b":{},"meta":{"lastBranch":0,"lastFunction":0,"lastStatement":0,"seen":{}}}
,"/Users/alexandruchirita/Projects/burger-restaurants-web/src/assets/icons/error.svg": {"path":"/Users/alexandruchirita/Projects/burger-restaurants-web/src/assets/icons/error.svg","statementMap":{},"fnMap":{},"branchMap":{},"s":{},"f":{},"b":{},"meta":{"lastBranch":0,"lastFunction":0,"lastStatement":0,"seen":{}}}
,"/Users/alexandruchirita/Projects/burger-restaurants-web/src/assets/icons/not-found.svg": {"path":"/Users/alexandruchirita/Projects/burger-restaurants-web/src/assets/icons/not-found.svg","statementMap":{},"fnMap":{},"branchMap":{},"s":{},"f":{},"b":{},"meta":{"lastBranch":0,"lastFunction":0,"lastStatement":0,"seen":{}}}
,"/Users/alexandruchirita/Projects/burger-restaurants-web/src/assets/icons/unauthorized.svg": {"path":"/Users/alexandruchirita/Projects/burger-restaurants-web/src/assets/icons/unauthorized.svg","statementMap":{},"fnMap":{},"branchMap":{},"s":{},"f":{},"b":{},"meta":{"lastBranch":0,"lastFunction":0,"lastStatement":0,"seen":{}}}
,"/Users/alexandruchirita/Projects/burger-restaurants-web/src/features/nearbyRestaurants/grid/Card.tsx": {"path":"/Users/alexandruchirita/Projects/burger-restaurants-web/src/features/nearbyRestaurants/grid/Card.tsx","statementMap":{"0":{"start":{"line":10,"column":13},"end":{"line":30,"column":null}},"1":{"start":{"line":11,"column":2},"end":{"line":28,"column":null}}},"fnMap":{"0":{"name":"(anonymous_0)","decl":{"start":{"line":10,"column":13},"end":{"line":10,"column":14}},"loc":{"start":{"line":10,"column":38},"end":{"line":30,"column":null}},"line":10}},"branchMap":{},"s":{"0":2,"1":12},"f":{"0":12},"b":{},"meta":{"lastBranch":0,"lastFunction":1,"lastStatement":2,"seen":{"s:10:13:30:Infinity":0,"f:10:13:10:14":0,"s:11:2:28:Infinity":1}}}
,"/Users/alexandruchirita/Projects/burger-restaurants-web/src/features/nearbyRestaurants/grid/CardSkeleton.tsx": {"path":"/Users/alexandruchirita/Projects/burger-restaurants-web/src/features/nearbyRestaurants/grid/CardSkeleton.tsx","statementMap":{"0":{"start":{"line":3,"column":21},"end":{"line":16,"column":null}},"1":{"start":{"line":4,"column":2},"end":{"line":16,"column":null}}},"fnMap":{"0":{"name":"(anonymous_0)","decl":{"start":{"line":3,"column":21},"end":{"line":3,"column":null}},"loc":{"start":{"line":4,"column":2},"end":{"line":16,"column":null}},"line":4}},"branchMap":{},"s":{"0":1,"1":21},"f":{"0":21},"b":{},"meta":{"lastBranch":0,"lastFunction":1,"lastStatement":2,"seen":{"s:3:21:16:Infinity":0,"f:3:21:3:Infinity":0,"s:4:2:16:Infinity":1}}}
,"/Users/alexandruchirita/Projects/burger-restaurants-web/src/features/nearbyRestaurants/grid/Grid.tsx": {"path":"/Users/alexandruchirita/Projects/burger-restaurants-web/src/features/nearbyRestaurants/grid/Grid.tsx","statementMap":{"0":{"start":{"line":12,"column":13},"end":{"line":19,"column":null}},"1":{"start":{"line":13,"column":2},"end":{"line":19,"column":null}},"2":{"start":{"line":16,"column":58},"end":{"line":16,"column":82}},"3":{"start":{"line":17,"column":30},"end":{"line":17,"column":65}}},"fnMap":{"0":{"name":"(anonymous_0)","decl":{"start":{"line":12,"column":13},"end":{"line":12,"column":14}},"loc":{"start":{"line":13,"column":2},"end":{"line":19,"column":null}},"line":13},"1":{"name":"(anonymous_1)","decl":{"start":{"line":16,"column":48},"end":{"line":16,"column":49}},"loc":{"start":{"line":16,"column":58},"end":{"line":16,"column":82}},"line":16},"2":{"name":"(anonymous_2)","decl":{"start":{"line":17,"column":20},"end":{"line":17,"column":21}},"loc":{"start":{"line":17,"column":30},"end":{"line":17,"column":65}},"line":17}},"branchMap":{"0":{"loc":{"start":{"line":12,"column":23},"end":{"line":12,"column":42}},"type":"default-arg","locations":[{"start":{"line":12,"column":35},"end":{"line":12,"column":42}}],"line":12},"1":{"loc":{"start":{"line":12,"column":42},"end":{"line":12,"column":60}},"type":"default-arg","locations":[{"start":{"line":12,"column":58},"end":{"line":12,"column":60}}],"line":12},"2":{"loc":{"start":{"line":15,"column":6},"end":{"line":17,"column":null}},"type":"cond-expr","locations":[{"start":{"line":16,"column":10},"end":{"line":16,"column":null}},{"start":{"line":17,"column":10},"end":{"line":17,"column":null}}],"line":15}},"s":{"0":1,"1":7,"2":21,"3":6},"f":{"0":7,"1":21,"2":6},"b":{"0":[7],"1":[7],"2":[4,3]},"meta":{"lastBranch":3,"lastFunction":3,"lastStatement":4,"seen":{"s:12:13:19:Infinity":0,"f:12:13:12:14":0,"s:13:2:19:Infinity":1,"b:12:35:12:42":0,"b:12:58:12:60":1,"b:16:10:16:Infinity:17:10:17:Infinity":2,"f:16:48:16:49":1,"s:16:58:16:82":2,"f:17:20:17:21":2,"s:17:30:17:65":3}}}
,"/Users/alexandruchirita/Projects/burger-restaurants-web/src/features/nearbyRestaurants/grid/styles.scss": {"path":"/Users/alexandruchirita/Projects/burger-restaurants-web/src/features/nearbyRestaurants/grid/styles.scss","statementMap":{},"fnMap":{},"branchMap":{},"s":{},"f":{},"b":{},"meta":{"lastBranch":0,"lastFunction":0,"lastStatement":0,"seen":{}}}
,"/Users/alexandruchirita/Projects/burger-restaurants-web/src/features/restaurantReviews/ReviewCard.tsx": {"path":"/Users/alexandruchirita/Projects/burger-restaurants-web/src/features/restaurantReviews/ReviewCard.tsx","statementMap":{"0":{"start":{"line":10,"column":19},"end":{"line":37,"column":null}},"1":{"start":{"line":11,"column":2},"end":{"line":37,"column":null}}},"fnMap":{"0":{"name":"(anonymous_0)","decl":{"start":{"line":10,"column":19},"end":{"line":10,"column":20}},"loc":{"start":{"line":11,"column":2},"end":{"line":37,"column":null}},"line":11}},"branchMap":{},"s":{"0":1,"1":5},"f":{"0":5},"b":{},"meta":{"lastBranch":0,"lastFunction":1,"lastStatement":2,"seen":{"s:10:19:37:Infinity":0,"f:10:19:10:20":0,"s:11:2:37:Infinity":1}}}
,"/Users/alexandruchirita/Projects/burger-restaurants-web/src/features/restaurantReviews/styles.scss": {"path":"/Users/alexandruchirita/Projects/burger-restaurants-web/src/features/restaurantReviews/styles.scss","statementMap":{},"fnMap":{},"branchMap":{},"s":{},"f":{},"b":{},"meta":{"lastBranch":0,"lastFunction":0,"lastStatement":0,"seen":{}}}
,"/Users/alexandruchirita/Projects/burger-restaurants-web/src/hooks/useOnVisible.ts": {"path":"/Users/alexandruchirita/Projects/burger-restaurants-web/src/hooks/useOnVisible.ts","statementMap":{"0":{"start":{"line":7,"column":8},"end":{"line":7,"column":null}},"1":{"start":{"line":8,"column":8},"end":{"line":8,"column":null}},"2":{"start":{"line":10,"column":2},"end":{"line":26,"column":null}},"3":{"start":{"line":11,"column":4},"end":{"line":11,"column":null}},"4":{"start":{"line":11,"column":22},"end":{"line":11,"column":null}},"5":{"start":{"line":13,"column":21},"end":{"line":21,"column":null}},"6":{"start":{"line":15,"column":8},"end":{"line":18,"column":null}},"7":{"start":{"line":16,"column":10},"end":{"line":16,"column":null}},"8":{"start":{"line":17,"column":10},"end":{"line":17,"column":null}},"9":{"start":{"line":23,"column":4},"end":{"line":23,"column":null}},"10":{"start":{"line":25,"column":4},"end":{"line":25,"column":null}},"11":{"start":{"line":25,"column":23},"end":{"line":25,"column":null}},"12":{"start":{"line":28,"column":2},"end":{"line":28,"column":null}}},"fnMap":{"0":{"name":"useOnVisible","decl":{"start":{"line":3,"column":16},"end":{"line":3,"column":null}},"loc":{"start":{"line":6,"column":23},"end":{"line":29,"column":null}},"line":6},"1":{"name":"(anonymous_1)","decl":{"start":{"line":10,"column":12},"end":{"line":10,"column":18}},"loc":{"start":{"line":10,"column":18},"end":{"line":26,"column":5}},"line":10},"2":{"name":"(anonymous_2)","decl":{"start":{"line":14,"column":6},"end":{"line":14,"column":7}},"loc":{"start":{"line":14,"column":54},"end":{"line":19,"column":null}},"line":14},"3":{"name":"(anonymous_3)","decl":{"start":{"line":25,"column":11},"end":{"line":25,"column":23}},"loc":{"start":{"line":25,"column":23},"end":{"line":25,"column":null}},"line":25}},"branchMap":{"0":{"loc":{"start":{"line":5,"column":2},"end":{"line":5,"column":null}},"type":"default-arg","locations":[{"start":{"line":5,"column":38},"end":{"line":5,"column":null}}],"line":5},"1":{"loc":{"start":{"line":11,"column":4},"end":{"line":11,"column":null}},"type":"if","locations":[{"start":{"line":11,"column":4},"end":{"line":11,"column":null}},{"start":{},"end":{}}],"line":11},"2":{"loc":{"start":{"line":15,"column":8},"end":{"line":18,"column":null}},"type":"if","locations":[{"start":{"line":15,"column":8},"end":{"line":18,"column":null}},{"start":{},"end":{}}],"line":15}},"s":{"0":7,"1":7,"2":7,"3":7,"4":2,"5":5,"6":3,"7":2,"8":2,"9":5,"10":5,"11":5,"12":7},"f":{"0":7,"1":7,"2":3,"3":5},"b":{"0":[7],"1":[2,5],"2":[2,1]},"meta":{"lastBranch":3,"lastFunction":4,"lastStatement":13,"seen":{"f:3:16:3:Infinity":0,"b:5:38:5:Infinity":0,"s:7:8:7:Infinity":0,"s:8:8:8:Infinity":1,"s:10:2:26:Infinity":2,"f:10:12:10:18":1,"b:11:4:11:Infinity:undefined:undefined:undefined:undefined":1,"s:11:4:11:Infinity":3,"s:11:22:11:Infinity":4,"s:13:21:21:Infinity":5,"f:14:6:14:7":2,"b:15:8:18:Infinity:undefined:undefined:undefined:undefined":2,"s:15:8:18:Infinity":6,"s:16:10:16:Infinity":7,"s:17:10:17:Infinity":8,"s:23:4:23:Infinity":9,"s:25:4:25:Infinity":10,"f:25:11:25:23":3,"s:25:23:25:Infinity":11,"s:28:2:28:Infinity":12}}}
,"/Users/alexandruchirita/Projects/burger-restaurants-web/src/shared/layout/footer/Footer.scss": {"path":"/Users/alexandruchirita/Projects/burger-restaurants-web/src/shared/layout/footer/Footer.scss","statementMap":{},"fnMap":{},"branchMap":{},"s":{},"f":{},"b":{},"meta":{"lastBranch":0,"lastFunction":0,"lastStatement":0,"seen":{}}}
,"/Users/alexandruchirita/Projects/burger-restaurants-web/src/shared/layout/footer/Footer.tsx": {"path":"/Users/alexandruchirita/Projects/burger-restaurants-web/src/shared/layout/footer/Footer.tsx","statementMap":{"0":{"start":{"line":3,"column":15},"end":{"line":11,"column":null}},"1":{"start":{"line":4,"column":2},"end":{"line":9,"column":null}}},"fnMap":{"0":{"name":"(anonymous_0)","decl":{"start":{"line":3,"column":15},"end":{"line":3,"column":21}},"loc":{"start":{"line":3,"column":21},"end":{"line":11,"column":null}},"line":3}},"branchMap":{},"s":{"0":1,"1":3},"f":{"0":3},"b":{},"meta":{"lastBranch":0,"lastFunction":1,"lastStatement":2,"seen":{"s:3:15:11:Infinity":0,"f:3:15:3:21":0,"s:4:2:9:Infinity":1}}}
,"/Users/alexandruchirita/Projects/burger-restaurants-web/src/shared/layout/header/Header.scss": {"path":"/Users/alexandruchirita/Projects/burger-restaurants-web/src/shared/layout/header/Header.scss","statementMap":{},"fnMap":{},"branchMap":{},"s":{},"f":{},"b":{},"meta":{"lastBranch":0,"lastFunction":0,"lastStatement":0,"seen":{}}}
,"/Users/alexandruchirita/Projects/burger-restaurants-web/src/shared/layout/header/Header.tsx": {"path":"/Users/alexandruchirita/Projects/burger-restaurants-web/src/shared/layout/header/Header.tsx","statementMap":{"0":{"start":{"line":4,"column":15},"end":{"line":24,"column":null}},"1":{"start":{"line":5,"column":2},"end":{"line":22,"column":null}}},"fnMap":{"0":{"name":"(anonymous_0)","decl":{"start":{"line":4,"column":15},"end":{"line":4,"column":21}},"loc":{"start":{"line":4,"column":21},"end":{"line":24,"column":null}},"line":4}},"branchMap":{},"s":{"0":1,"1":4},"f":{"0":4},"b":{},"meta":{"lastBranch":0,"lastFunction":1,"lastStatement":2,"seen":{"s:4:15:24:Infinity":0,"f:4:15:4:21":0,"s:5:2:22:Infinity":1}}}
,"/Users/alexandruchirita/Projects/burger-restaurants-web/src/shared/mapWidget/MapWidget.scss": {"path":"/Users/alexandruchirita/Projects/burger-restaurants-web/src/shared/mapWidget/MapWidget.scss","statementMap":{},"fnMap":{},"branchMap":{},"s":{},"f":{},"b":{},"meta":{"lastBranch":0,"lastFunction":0,"lastStatement":0,"seen":{}}}
,"/Users/alexandruchirita/Projects/burger-restaurants-web/src/shared/mapWidget/MapWidget.tsx": {"path":"/Users/alexandruchirita/Projects/burger-restaurants-web/src/shared/mapWidget/MapWidget.tsx","statementMap":{"0":{"start":{"line":6,"column":16},"end":{"line":11,"column":null}},"1":{"start":{"line":30,"column":41},"end":{"line":30,"column":null}},"2":{"start":{"line":31,"column":21},"end":{"line":31,"column":null}},"3":{"start":{"line":33,"column":18},"end":{"line":74,"column":null}},"4":{"start":{"line":40,"column":2},"end":{"line":72,"column":null}},"5":{"start":{"line":53,"column":10},"end":{"line":69,"column":null}}},"fnMap":{"0":{"name":"(anonymous_0)","decl":{"start":{"line":33,"column":18},"end":{"line":33,"column":49}},"loc":{"start":{"line":39,"column":25},"end":{"line":74,"column":null}},"line":39},"1":{"name":"(anonymous_1)","decl":{"start":{"line":52,"column":18},"end":{"line":52,"column":19}},"loc":{"start":{"line":53,"column":10},"end":{"line":69,"column":null}},"line":53}},"branchMap":{"0":{"loc":{"start":{"line":36,"column":2},"end":{"line":36,"column":null}},"type":"default-arg","locations":[{"start":{"line":36,"column":11},"end":{"line":36,"column":null}}],"line":36},"1":{"loc":{"start":{"line":37,"column":2},"end":{"line":37,"column":null}},"type":"default-arg","locations":[{"start":{"line":37,"column":9},"end":{"line":37,"column":null}}],"line":37},"2":{"loc":{"start":{"line":38,"column":2},"end":{"line":38,"column":null}},"type":"default-arg","locations":[{"start":{"line":38,"column":14},"end":{"line":38,"column":null}}],"line":38},"3":{"loc":{"start":{"line":58,"column":16},"end":{"line":59,"column":null}},"type":"cond-expr","locations":[{"start":{"line":59,"column":16},"end":{"line":59,"column":57}},{"start":{"line":59,"column":57},"end":{"line":59,"column":null}}],"line":58},"4":{"loc":{"start":{"line":64,"column":13},"end":{"line":67,"column":null}},"type":"binary-expr","locations":[{"start":{"line":64,"column":13},"end":{"line":64,"column":28}},{"start":{"line":64,"column":28},"end":{"line":64,"column":null}},{"start":{"line":65,"column":14},"end":{"line":67,"column":null}}],"line":64}},"s":{"0":1,"1":1,"2":1,"3":1,"4":6,"5":7},"f":{"0":6,"1":7},"b":{"0":[6],"1":[6],"2":[6],"3":[6,1],"4":[7,6,2]},"meta":{"lastBranch":5,"lastFunction":2,"lastStatement":6,"seen":{"s:6:16:11:Infinity":0,"s:30:41:30:Infinity":1,"s:31:21:31:Infinity":2,"s:33:18:74:Infinity":3,"f:33:18:33:49":0,"b:36:11:36:Infinity":0,"b:37:9:37:Infinity":1,"b:38:14:38:Infinity":2,"s:40:2:72:Infinity":4,"f:52:18:52:19":1,"s:53:10:69:Infinity":5,"b:59:16:59:57:59:57:59:Infinity":3,"b:64:13:64:28:64:28:64:Infinity:65:14:67:Infinity":4}}}
,"/Users/alexandruchirita/Projects/burger-restaurants-web/src/shared/notice/Notice.scss": {"path":"/Users/alexandruchirita/Projects/burger-restaurants-web/src/shared/notice/Notice.scss","statementMap":{},"fnMap":{},"branchMap":{},"s":{},"f":{},"b":{},"meta":{"lastBranch":0,"lastFunction":0,"lastStatement":0,"seen":{}}}
,"/Users/alexandruchirita/Projects/burger-restaurants-web/src/shared/notice/Notice.tsx": {"path":"/Users/alexandruchirita/Projects/burger-restaurants-web/src/shared/notice/Notice.tsx","statementMap":{"0":{"start":{"line":23,"column":54},"end":{"line":28,"column":null}},"1":{"start":{"line":30,"column":48},"end":{"line":36,"column":null}},"2":{"start":{"line":38,"column":15},"end":{"line":54,"column":null}},"3":{"start":{"line":39,"column":8},"end":{"line":39,"column":null}},"4":{"start":{"line":41,"column":23},"end":{"line":42,"column":null}},"5":{"start":{"line":44,"column":69},"end":{"line":44,"column":null}},"6":{"start":{"line":46,"column":2},"end":{"line":52,"column":null}}},"fnMap":{"0":{"name":"(anonymous_0)","decl":{"start":{"line":38,"column":15},"end":{"line":38,"column":16}},"loc":{"start":{"line":38,"column":122},"end":{"line":54,"column":null}},"line":38}},"branchMap":{"0":{"loc":{"start":{"line":38,"column":16},"end":{"line":38,"column":122}},"type":"default-arg","locations":[{"start":{"line":38,"column":115},"end":{"line":38,"column":122}}],"line":38},"1":{"loc":{"start":{"line":38,"column":78},"end":{"line":38,"column":98}},"type":"default-arg","locations":[{"start":{"line":38,"column":93},"end":{"line":38,"column":98}}],"line":38},"2":{"loc":{"start":{"line":41,"column":23},"end":{"line":42,"column":null}},"type":"binary-expr","locations":[{"start":{"line":41,"column":23},"end":{"line":41,"column":null}},{"start":{"line":41,"column":23},"end":{"line":42,"column":null}}],"line":41},"3":{"loc":{"start":{"line":41,"column":23},"end":{"line":42,"column":null}},"type":"cond-expr","locations":[{"start":{"line":42,"column":39},"end":{"line":42,"column":79}},{"start":{"line":42,"column":79},"end":{"line":42,"column":null}}],"line":41},"4":{"loc":{"start":{"line":42,"column":39},"end":{"line":42,"column":79}},"type":"binary-expr","locations":[{"start":{"line":42,"column":39},"end":{"line":42,"column":68}},{"start":{"line":42,"column":68},"end":{"line":42,"column":79}}],"line":42},"5":{"loc":{"start":{"line":49,"column":59},"end":{"line":49,"column":89}},"type":"binary-expr","locations":[{"start":{"line":49,"column":59},"end":{"line":49,"column":74}},{"start":{"line":49,"column":74},"end":{"line":49,"column":89}}],"line":49},"6":{"loc":{"start":{"line":50,"column":38},"end":{"line":50,"column":68}},"type":"binary-expr","locations":[{"start":{"line":50,"column":38},"end":{"line":50,"column":53}},{"start":{"line":50,"column":53},"end":{"line":50,"column":68}}],"line":50},"7":{"loc":{"start":{"line":51,"column":7},"end":{"line":51,"column":null}},"type":"binary-expr","locations":[{"start":{"line":51,"column":7},"end":{"line":51,"column":23}},{"start":{"line":51,"column":23},"end":{"line":51,"column":null}}],"line":51}},"s":{"0":1,"1":1,"2":1,"3":15,"4":15,"5":15,"6":15},"f":{"0":15},"b":{"0":[15],"1":[15],"2":[15,5],"3":[5,0],"4":[5,1],"5":[15,14],"6":[15,14],"7":[15,14]},"meta":{"lastBranch":8,"lastFunction":1,"lastStatement":7,"seen":{"s:23:54:28:Infinity":0,"s:30:48:36:Infinity":1,"s:38:15:54:Infinity":2,"f:38:15:38:16":0,"b:38:115:38:122":0,"b:38:93:38:98":1,"s:39:8:39:Infinity":3,"s:41:23:42:Infinity":4,"b:41:23:41:Infinity:41:23:42:Infinity":2,"b:42:39:42:79:42:79:42:Infinity":3,"b:42:39:42:68:42:68:42:79":4,"s:44:69:44:Infinity":5,"s:46:2:52:Infinity":6,"b:49:59:49:74:49:74:49:89":5,"b:50:38:50:53:50:53:50:68":6,"b:51:7:51:23:51:23:51:Infinity":7}}}
,"/Users/alexandruchirita/Projects/burger-restaurants-web/src/shared/ratingDetails/RatingDetails.scss": {"path":"/Users/alexandruchirita/Projects/burger-restaurants-web/src/shared/ratingDetails/RatingDetails.scss","statementMap":{},"fnMap":{},"branchMap":{},"s":{},"f":{},"b":{},"meta":{"lastBranch":0,"lastFunction":0,"lastStatement":0,"seen":{}}}
,"/Users/alexandruchirita/Projects/burger-restaurants-web/src/shared/ratingDetails/RatingDetails.tsx": {"path":"/Users/alexandruchirita/Projects/burger-restaurants-web/src/shared/ratingDetails/RatingDetails.tsx","statementMap":{"0":{"start":{"line":9,"column":45},"end":{"line":14,"column":null}},"1":{"start":{"line":16,"column":22},"end":{"line":24,"column":null}},"2":{"start":{"line":17,"column":2},"end":{"line":24,"column":null}},"3":{"start":{"line":19,"column":6},"end":{"line":22,"column":null}}},"fnMap":{"0":{"name":"(anonymous_0)","decl":{"start":{"line":16,"column":22},"end":{"line":16,"column":23}},"loc":{"start":{"line":17,"column":2},"end":{"line":24,"column":null}},"line":17},"1":{"name":"(anonymous_1)","decl":{"start":{"line":18,"column":54},"end":{"line":18,"column":55}},"loc":{"start":{"line":19,"column":6},"end":{"line":22,"column":null}},"line":19}},"branchMap":{"0":{"loc":{"start":{"line":16,"column":33},"end":{"line":16,"column":45}},"type":"default-arg","locations":[{"start":{"line":16,"column":40},"end":{"line":16,"column":45}}],"line":16}},"s":{"0":4,"1":4,"2":22,"3":88},"f":{"0":22,"1":88},"b":{"0":[22]},"meta":{"lastBranch":1,"lastFunction":2,"lastStatement":4,"seen":{"s:9:45:14:Infinity":0,"s:16:22:24:Infinity":1,"f:16:22:16:23":0,"s:17:2:24:Infinity":2,"b:16:40:16:45":0,"f:18:54:18:55":1,"s:19:6:22:Infinity":3}}}
,"/Users/alexandruchirita/Projects/burger-restaurants-web/src/utils/prettyDate.ts": {"path":"/Users/alexandruchirita/Projects/burger-restaurants-web/src/utils/prettyDate.ts","statementMap":{"0":{"start":{"line":1,"column":26},"end":{"line":2,"column":null}},"1":{"start":{"line":2,"column":2},"end":{"line":2,"column":null}}},"fnMap":{"0":{"name":"(anonymous_0)","decl":{"start":{"line":1,"column":26},"end":{"line":1,"column":27}},"loc":{"start":{"line":2,"column":2},"end":{"line":2,"column":null}},"line":2}},"branchMap":{},"s":{"0":2,"1":9},"f":{"0":9},"b":{},"meta":{"lastBranch":0,"lastFunction":1,"lastStatement":2,"seen":{"s:1:26:2:Infinity":0,"f:1:26:1:27":0,"s:2:2:2:Infinity":1}}}
}
